{
  message: 'Creating "blockchain98" database...',
  level: 'info',
  service: 'user-service',
  timestamp: '2020-07-30T09:38:26.816Z'
}
{
  message: '"blockchain98" already exists',
  level: 'info',
  service: 'user-service',
  timestamp: '2020-07-30T09:38:26.822Z'
}
{
  message: 'The users table already exists',
  level: 'info',
  service: 'user-service',
  timestamp: '2020-07-30T09:38:26.827Z'
}
{
  message: 'The painting table already exists',
  level: 'info',
  service: 'user-service',
  timestamp: '2020-07-30T09:38:26.828Z'
}
{
  message: 'The offer table already exists',
  level: 'info',
  service: 'user-service',
  timestamp: '2020-07-30T09:38:26.829Z'
}
{
  message: 'The blocks table already exists',
  level: 'info',
  service: 'user-service',
  timestamp: '2020-07-30T09:38:26.829Z'
}
{
  message: 'Bootstrapping completed',
  level: 'info',
  service: 'user-service',
  timestamp: '2020-07-30T09:38:26.830Z'
}
{
  message: 'Successfully connected to database: blockchain98',
  level: 'info',
  service: 'user-service',
  timestamp: '2020-07-30T09:38:26.838Z'
}
{
  service: 'user-service',
  level: 'warn',
  message: 'Received message of unknown type:',
  timestamp: '2020-07-30T09:38:42.424Z'
}
