{
  message: 'Creating Account for 03f4ef0d8cfeb6e455d7662a010ca0aee073998c97622f5838f5847143b619bfb4',
  level: 'info',
  service: 'user-service',
  timestamp: '2020-07-31T06:10:57.684Z'
}
{
  message: 'Creating Account for 03f4ef0d8cfeb6e455d7662a010ca0aee073998c97622f5838f5847143b619bfb4',
  level: 'info',
  service: 'user-service',
  timestamp: '2020-07-31T06:10:58.134Z'
}
{
  message: 'Creating Account for 02b9dda0d514b68346467937814d5273457a7051dc9d564a343a0c70fbe9695e7c',
  level: 'info',
  service: 'user-service',
  timestamp: '2020-07-31T07:22:21.480Z'
}
{
  message: 'Creating Account for 02b9dda0d514b68346467937814d5273457a7051dc9d564a343a0c70fbe9695e7c',
  level: 'info',
  service: 'user-service',
  timestamp: '2020-07-31T07:22:21.913Z'
}
{
  message: "Something bad happend! Cannot read property 'gene' of null",
  level: 'error',
  service: 'user-service',
  timestamp: '2020-07-31T08:02:14.368Z'
}
{
  message: "Something bad happend! Cannot read property 'gene' of null",
  level: 'error',
  service: 'user-service',
  timestamp: '2020-07-31T08:02:14.718Z'
}
{
  message: "Something bad happend! Cannot read property 'gene' of null",
  level: 'error',
  service: 'user-service',
  timestamp: '2020-07-31T08:02:15.724Z'
}
{
  message: "Something bad happend! Cannot read property 'gene' of null",
  level: 'error',
  service: 'user-service',
  timestamp: '2020-07-31T08:02:16.728Z'
}
{
  message: "Something bad happend! Cannot read property 'gene' of null",
  level: 'error',
  service: 'user-service',
  timestamp: '2020-07-31T08:02:17.733Z'
}
{
  message: "Something bad happend! Cannot read property 'gene' of null",
  level: 'error',
  service: 'user-service',
  timestamp: '2020-07-31T08:02:18.741Z'
}
{
  message: "Something bad happend! Cannot read property 'gene' of null",
  level: 'error',
  service: 'user-service',
  timestamp: '2020-07-31T08:02:19.748Z'
}
{
  message: "Something bad happend! Cannot read property 'gene' of null",
  level: 'error',
  service: 'user-service',
  timestamp: '2020-07-31T08:02:20.753Z'
}
{
  message: "Something bad happend! Cannot read property 'gene' of null",
  level: 'error',
  service: 'user-service',
  timestamp: '2020-07-31T08:02:21.758Z'
}
{
  message: "Something bad happend! Cannot read property 'gene' of null",
  level: 'error',
  service: 'user-service',
  timestamp: '2020-07-31T08:02:22.762Z'
}
{
  message: "Something bad happend! Cannot read property 'gene' of null",
  level: 'error',
  service: 'user-service',
  timestamp: '2020-07-31T08:02:23.772Z'
}
{
  message: "Something bad happend! Cannot read property 'gene' of null",
  level: 'error',
  service: 'user-service',
  timestamp: '2020-07-31T08:02:24.775Z'
}
{
  message: "Something bad happend! Cannot read property 'gene' of null",
  level: 'error',
  service: 'user-service',
  timestamp: '2020-07-31T08:02:25.778Z'
}
{
  message: "Something bad happend! Cannot read property 'gene' of null",
  level: 'error',
  service: 'user-service',
  timestamp: '2020-07-31T08:02:26.782Z'
}
{
  message: "Something bad happend! Cannot read property 'gene' of null",
  level: 'error',
  service: 'user-service',
  timestamp: '2020-07-31T08:02:27.793Z'
}
{
  message: "Something bad happend! Cannot read property 'gene' of null",
  level: 'error',
  service: 'user-service',
  timestamp: '2020-07-31T08:02:28.794Z'
}
{
  message: "Something bad happend! Cannot read property 'gene' of null",
  level: 'error',
  service: 'user-service',
  timestamp: '2020-07-31T08:02:29.800Z'
}
{
  message: "Something bad happend! Cannot read property 'gene' of null",
  level: 'error',
  service: 'user-service',
  timestamp: '2020-07-31T08:02:30.808Z'
}
{
  message: "Something bad happend! Cannot read property 'gene' of null",
  level: 'error',
  service: 'user-service',
  timestamp: '2020-07-31T08:02:31.812Z'
}
{
  message: "Something bad happend! Cannot read property 'gene' of null",
  level: 'error',
  service: 'user-service',
  timestamp: '2020-07-31T08:02:32.815Z'
}
{
  message: "Something bad happend! Cannot read property 'gene' of null",
  level: 'error',
  service: 'user-service',
  timestamp: '2020-07-31T08:02:33.821Z'
}
{
  message: "Something bad happend! Cannot read property 'gene' of null",
  level: 'error',
  service: 'user-service',
  timestamp: '2020-07-31T08:02:34.826Z'
}
{
  message: "Something bad happend! Cannot read property 'gene' of null",
  level: 'error',
  service: 'user-service',
  timestamp: '2020-07-31T08:02:35.830Z'
}
{
  message: "Something bad happend! Cannot read property 'gene' of null",
  level: 'error',
  service: 'user-service',
  timestamp: '2020-07-31T08:02:36.835Z'
}
{
  message: "Something bad happend! Cannot read property 'gene' of null",
  level: 'error',
  service: 'user-service',
  timestamp: '2020-07-31T08:02:37.839Z'
}
{
  message: "Something bad happend! Cannot read property 'gene' of null",
  level: 'error',
  service: 'user-service',
  timestamp: '2020-07-31T08:02:38.846Z'
}
{
  message: "Something bad happend! Cannot read property 'gene' of null",
  level: 'error',
  service: 'user-service',
  timestamp: '2020-07-31T08:02:39.851Z'
}
{
  message: "Something bad happend! Cannot read property 'gene' of null",
  level: 'error',
  service: 'user-service',
  timestamp: '2020-07-31T08:02:40.863Z'
}
{
  message: "Something bad happend! Cannot read property 'gene' of null",
  level: 'error',
  service: 'user-service',
  timestamp: '2020-07-31T08:02:41.880Z'
}
{
  message: "Something bad happend! Cannot read property 'gene' of null",
  level: 'error',
  service: 'user-service',
  timestamp: '2020-07-31T08:02:42.880Z'
}
{
  message: "Something bad happend! Cannot read property 'gene' of null",
  level: 'error',
  service: 'user-service',
  timestamp: '2020-07-31T08:02:43.888Z'
}
{
  message: "Something bad happend! Cannot read property 'gene' of null",
  level: 'error',
  service: 'user-service',
  timestamp: '2020-07-31T08:02:44.898Z'
}
{
  message: "Something bad happend! Cannot read property 'gene' of null",
  level: 'error',
  service: 'user-service',
  timestamp: '2020-07-31T08:02:45.903Z'
}
{
  message: "Something bad happend! Cannot read property 'gene' of null",
  level: 'error',
  service: 'user-service',
  timestamp: '2020-07-31T08:02:46.908Z'
}
{
  message: "Something bad happend! Cannot read property 'gene' of null",
  level: 'error',
  service: 'user-service',
  timestamp: '2020-07-31T08:02:47.912Z'
}
{
  message: "Something bad happend! Cannot read property 'gene' of null",
  level: 'error',
  service: 'user-service',
  timestamp: '2020-07-31T08:02:48.918Z'
}
{
  message: "Something bad happend! Cannot read property 'gene' of null",
  level: 'error',
  service: 'user-service',
  timestamp: '2020-07-31T08:02:49.931Z'
}
{
  message: "Something bad happend! Cannot read property 'gene' of null",
  level: 'error',
  service: 'user-service',
  timestamp: '2020-07-31T08:02:50.935Z'
}
{
  message: "Something bad happend! Cannot read property 'gene' of null",
  level: 'error',
  service: 'user-service',
  timestamp: '2020-07-31T08:02:51.944Z'
}
{
  message: "Something bad happend! Cannot read property 'gene' of null",
  level: 'error',
  service: 'user-service',
  timestamp: '2020-07-31T08:02:52.954Z'
}
{
  message: "Something bad happend! Cannot read property 'gene' of null",
  level: 'error',
  service: 'user-service',
  timestamp: '2020-07-31T08:02:53.956Z'
}
{
  message: "Something bad happend! Cannot read property 'gene' of null",
  level: 'error',
  service: 'user-service',
  timestamp: '2020-07-31T08:02:54.965Z'
}
{
  message: "Something bad happend! Cannot read property 'gene' of null",
  level: 'error',
  service: 'user-service',
  timestamp: '2020-07-31T08:02:55.976Z'
}
{
  message: "Something bad happend! Cannot read property 'gene' of null",
  level: 'error',
  service: 'user-service',
  timestamp: '2020-07-31T08:02:56.983Z'
}
{
  message: "Something bad happend! Cannot read property 'gene' of null",
  level: 'error',
  service: 'user-service',
  timestamp: '2020-07-31T08:02:57.987Z'
}
{
  message: "Something bad happend! Cannot read property 'gene' of null",
  level: 'error',
  service: 'user-service',
  timestamp: '2020-07-31T08:02:58.991Z'
}
{
  message: "Something bad happend! Cannot read property 'gene' of null",
  level: 'error',
  service: 'user-service',
  timestamp: '2020-07-31T08:02:59.998Z'
}
{
  message: "Something bad happend! Cannot read property 'gene' of null",
  level: 'error',
  service: 'user-service',
  timestamp: '2020-07-31T08:03:01.003Z'
}
{
  message: "Something bad happend! Cannot read property 'gene' of null",
  level: 'error',
  service: 'user-service',
  timestamp: '2020-07-31T08:03:02.013Z'
}
{
  message: "Something bad happend! Cannot read property 'gene' of null",
  level: 'error',
  service: 'user-service',
  timestamp: '2020-07-31T08:03:03.025Z'
}
{
  message: "Something bad happend! Cannot read property 'gene' of null",
  level: 'error',
  service: 'user-service',
  timestamp: '2020-07-31T08:03:04.039Z'
}
{
  message: "Something bad happend! Cannot read property 'gene' of null",
  level: 'error',
  service: 'user-service',
  timestamp: '2020-07-31T08:03:05.054Z'
}
{
  message: "Something bad happend! Cannot read property 'gene' of null",
  level: 'error',
  service: 'user-service',
  timestamp: '2020-07-31T08:03:06.059Z'
}
{
  message: "Something bad happend! Cannot read property 'gene' of null",
  level: 'error',
  service: 'user-service',
  timestamp: '2020-07-31T08:03:07.063Z'
}
{
  message: "Something bad happend! Cannot read property 'gene' of null",
  level: 'error',
  service: 'user-service',
  timestamp: '2020-07-31T08:03:08.072Z'
}
{
  message: "Something bad happend! Cannot read property 'gene' of null",
  level: 'error',
  service: 'user-service',
  timestamp: '2020-07-31T08:03:09.078Z'
}
{
  message: "Something bad happend! Cannot read property 'gene' of null",
  level: 'error',
  service: 'user-service',
  timestamp: '2020-07-31T08:03:10.085Z'
}
{
  message: "Something bad happend! Cannot read property 'gene' of null",
  level: 'error',
  service: 'user-service',
  timestamp: '2020-07-31T08:03:11.087Z'
}
{
  message: "Something bad happend! Cannot read property 'gene' of null",
  level: 'error',
  service: 'user-service',
  timestamp: '2020-07-31T08:03:12.094Z'
}
{
  message: "Something bad happend! Cannot read property 'gene' of null",
  level: 'error',
  service: 'user-service',
  timestamp: '2020-07-31T08:03:13.099Z'
}
{
  message: "Something bad happend! Cannot read property 'gene' of null",
  level: 'error',
  service: 'user-service',
  timestamp: '2020-07-31T08:03:14.100Z'
}
{
  message: "Something bad happend! Cannot read property 'gene' of null",
  level: 'error',
  service: 'user-service',
  timestamp: '2020-07-31T08:03:15.107Z'
}
{
  message: "Something bad happend! Cannot read property 'gene' of null",
  level: 'error',
  service: 'user-service',
  timestamp: '2020-07-31T08:03:16.112Z'
}
{
  message: "Something bad happend! Cannot read property 'gene' of null",
  level: 'error',
  service: 'user-service',
  timestamp: '2020-07-31T08:03:17.119Z'
}
{
  message: "Something bad happend! Cannot read property 'gene' of null",
  level: 'error',
  service: 'user-service',
  timestamp: '2020-07-31T08:03:18.123Z'
}
{
  message: "Something bad happend! Cannot read property 'gene' of null",
  level: 'error',
  service: 'user-service',
  timestamp: '2020-07-31T08:03:19.125Z'
}
{
  message: "Something bad happend! Cannot read property 'gene' of null",
  level: 'error',
  service: 'user-service',
  timestamp: '2020-07-31T08:03:20.136Z'
}
{
  message: "Something bad happend! Cannot read property 'gene' of null",
  level: 'error',
  service: 'user-service',
  timestamp: '2020-07-31T08:03:21.142Z'
}
{
  message: "Something bad happend! Cannot read property 'gene' of null",
  level: 'error',
  service: 'user-service',
  timestamp: '2020-07-31T08:03:22.149Z'
}
{
  message: "Something bad happend! Cannot read property 'gene' of null",
  level: 'error',
  service: 'user-service',
  timestamp: '2020-07-31T08:03:23.155Z'
}
{
  message: "Something bad happend! Cannot read property 'gene' of null",
  level: 'error',
  service: 'user-service',
  timestamp: '2020-07-31T08:03:24.158Z'
}
{
  message: "Something bad happend! Cannot read property 'gene' of null",
  level: 'error',
  service: 'user-service',
  timestamp: '2020-07-31T08:03:25.165Z'
}
{
  message: "Something bad happend! Cannot read property 'gene' of null",
  level: 'error',
  service: 'user-service',
  timestamp: '2020-07-31T08:03:26.173Z'
}
{
  message: "Something bad happend! Cannot read property 'gene' of null",
  level: 'error',
  service: 'user-service',
  timestamp: '2020-07-31T08:03:27.177Z'
}
{
  message: "Something bad happend! Cannot read property 'gene' of null",
  level: 'error',
  service: 'user-service',
  timestamp: '2020-07-31T08:03:28.193Z'
}
{
  message: "Something bad happend! Cannot read property 'gene' of null",
  level: 'error',
  service: 'user-service',
  timestamp: '2020-07-31T08:03:29.195Z'
}
{
  message: "Something bad happend! Cannot read property 'gene' of null",
  level: 'error',
  service: 'user-service',
  timestamp: '2020-07-31T08:03:30.201Z'
}
{
  message: "Something bad happend! Cannot read property 'gene' of null",
  level: 'error',
  service: 'user-service',
  timestamp: '2020-07-31T08:03:31.204Z'
}
{
  message: "Something bad happend! Cannot read property 'gene' of null",
  level: 'error',
  service: 'user-service',
  timestamp: '2020-07-31T08:03:32.209Z'
}
{
  message: "Something bad happend! Cannot read property 'gene' of null",
  level: 'error',
  service: 'user-service',
  timestamp: '2020-07-31T08:03:33.214Z'
}
{
  message: "Something bad happend! Cannot read property 'gene' of null",
  level: 'error',
  service: 'user-service',
  timestamp: '2020-07-31T08:03:34.217Z'
}
{
  message: "Something bad happend! Cannot read property 'gene' of null",
  level: 'error',
  service: 'user-service',
  timestamp: '2020-07-31T08:03:35.224Z'
}
{
  message: "Something bad happend! Cannot read property 'gene' of null",
  level: 'error',
  service: 'user-service',
  timestamp: '2020-07-31T08:03:36.232Z'
}
{
  message: "Something bad happend! Cannot read property 'gene' of null",
  level: 'error',
  service: 'user-service',
  timestamp: '2020-07-31T08:03:37.243Z'
}
{
  message: "Something bad happend! Cannot read property 'gene' of null",
  level: 'error',
  service: 'user-service',
  timestamp: '2020-07-31T08:03:38.256Z'
}
{
  message: "Something bad happend! Cannot read property 'gene' of null",
  level: 'error',
  service: 'user-service',
  timestamp: '2020-07-31T08:03:39.261Z'
}
{
  message: "Something bad happend! Cannot read property 'gene' of null",
  level: 'error',
  service: 'user-service',
  timestamp: '2020-07-31T08:03:40.263Z'
}
{
  message: "Something bad happend! Cannot read property 'gene' of null",
  level: 'error',
  service: 'user-service',
  timestamp: '2020-07-31T08:03:41.268Z'
}
{
  message: "Something bad happend! Cannot read property 'gene' of null",
  level: 'error',
  service: 'user-service',
  timestamp: '2020-07-31T08:03:42.273Z'
}
{
  message: "Something bad happend! Cannot read property 'gene' of null",
  level: 'error',
  service: 'user-service',
  timestamp: '2020-07-31T08:03:43.276Z'
}
{
  message: "Something bad happend! Cannot read property 'gene' of null",
  level: 'error',
  service: 'user-service',
  timestamp: '2020-07-31T08:03:44.280Z'
}
{
  message: "Something bad happend! Cannot read property 'gene' of null",
  level: 'error',
  service: 'user-service',
  timestamp: '2020-07-31T08:03:45.287Z'
}
{
  message: "Something bad happend! Cannot read property 'gene' of null",
  level: 'error',
  service: 'user-service',
  timestamp: '2020-07-31T08:03:46.289Z'
}
{
  message: "Something bad happend! Cannot read property 'gene' of null",
  level: 'error',
  service: 'user-service',
  timestamp: '2020-07-31T08:03:47.292Z'
}
{
  message: "Something bad happend! Cannot read property 'gene' of null",
  level: 'error',
  service: 'user-service',
  timestamp: '2020-07-31T08:03:48.301Z'
}
{
  message: "Something bad happend! Cannot read property 'gene' of null",
  level: 'error',
  service: 'user-service',
  timestamp: '2020-07-31T08:03:49.303Z'
}
{
  message: "Something bad happend! Cannot read property 'gene' of null",
  level: 'error',
  service: 'user-service',
  timestamp: '2020-07-31T08:03:50.310Z'
}
{
  message: "Something bad happend! Cannot read property 'gene' of null",
  level: 'error',
  service: 'user-service',
  timestamp: '2020-07-31T08:03:51.314Z'
}
{
  message: "Something bad happend! Cannot read property 'gene' of null",
  level: 'error',
  service: 'user-service',
  timestamp: '2020-07-31T08:03:52.316Z'
}
{
  message: "Something bad happend! Cannot read property 'gene' of null",
  level: 'error',
  service: 'user-service',
  timestamp: '2020-07-31T08:03:53.318Z'
}
{
  message: "Something bad happend! Cannot read property 'gene' of null",
  level: 'error',
  service: 'user-service',
  timestamp: '2020-07-31T08:03:54.330Z'
}
{
  message: "Something bad happend! Cannot read property 'gene' of null",
  level: 'error',
  service: 'user-service',
  timestamp: '2020-07-31T08:03:55.347Z'
}
{
  message: "Something bad happend! Cannot read property 'gene' of null",
  level: 'error',
  service: 'user-service',
  timestamp: '2020-07-31T08:03:56.360Z'
}
{
  message: "Something bad happend! Cannot read property 'gene' of null",
  level: 'error',
  service: 'user-service',
  timestamp: '2020-07-31T08:03:57.366Z'
}
{
  message: "Something bad happend! Cannot read property 'gene' of null",
  level: 'error',
  service: 'user-service',
  timestamp: '2020-07-31T08:03:58.370Z'
}
{
  message: "Something bad happend! Cannot read property 'gene' of null",
  level: 'error',
  service: 'user-service',
  timestamp: '2020-07-31T08:03:59.376Z'
}
{
  message: "Something bad happend! Cannot read property 'gene' of null",
  level: 'error',
  service: 'user-service',
  timestamp: '2020-07-31T08:04:00.381Z'
}
{
  message: "Something bad happend! Cannot read property 'gene' of null",
  level: 'error',
  service: 'user-service',
  timestamp: '2020-07-31T08:04:01.386Z'
}
{
  message: "Something bad happend! Cannot read property 'gene' of null",
  level: 'error',
  service: 'user-service',
  timestamp: '2020-07-31T08:04:02.392Z'
}
{
  message: "Something bad happend! Cannot read property 'gene' of null",
  level: 'error',
  service: 'user-service',
  timestamp: '2020-07-31T08:04:03.395Z'
}
{
  message: "Something bad happend! Cannot read property 'gene' of null",
  level: 'error',
  service: 'user-service',
  timestamp: '2020-07-31T08:04:04.397Z'
}
{
  message: "Something bad happend! Cannot read property 'gene' of null",
  level: 'error',
  service: 'user-service',
  timestamp: '2020-07-31T08:04:05.406Z'
}
{
  message: "Something bad happend! Cannot read property 'gene' of null",
  level: 'error',
  service: 'user-service',
  timestamp: '2020-07-31T08:04:06.416Z'
}
{
  message: "Something bad happend! Cannot read property 'gene' of null",
  level: 'error',
  service: 'user-service',
  timestamp: '2020-07-31T08:04:07.421Z'
}
{
  message: "Something bad happend! Cannot read property 'gene' of null",
  level: 'error',
  service: 'user-service',
  timestamp: '2020-07-31T08:04:08.434Z'
}
{
  message: "Something bad happend! Cannot read property 'gene' of null",
  level: 'error',
  service: 'user-service',
  timestamp: '2020-07-31T08:04:09.439Z'
}
{
  message: "Something bad happend! Cannot read property 'gene' of null",
  level: 'error',
  service: 'user-service',
  timestamp: '2020-07-31T08:04:10.441Z'
}
{
  message: "Something bad happend! Cannot read property 'gene' of null",
  level: 'error',
  service: 'user-service',
  timestamp: '2020-07-31T08:04:11.449Z'
}
{
  message: "Something bad happend! Cannot read property 'gene' of null",
  level: 'error',
  service: 'user-service',
  timestamp: '2020-07-31T08:04:12.454Z'
}
{
  message: "Something bad happend! Cannot read property 'gene' of null",
  level: 'error',
  service: 'user-service',
  timestamp: '2020-07-31T08:04:13.462Z'
}
{
  message: "Something bad happend! Cannot read property 'gene' of null",
  level: 'error',
  service: 'user-service',
  timestamp: '2020-07-31T08:04:14.470Z'
}
{
  message: "Something bad happend! Cannot read property 'gene' of null",
  level: 'error',
  service: 'user-service',
  timestamp: '2020-07-31T08:04:15.483Z'
}
{
  message: "Something bad happend! Cannot read property 'gene' of null",
  level: 'error',
  service: 'user-service',
  timestamp: '2020-07-31T08:04:16.497Z'
}
{
  message: "Something bad happend! Cannot read property 'gene' of null",
  level: 'error',
  service: 'user-service',
  timestamp: '2020-07-31T08:04:17.502Z'
}
{
  message: "Something bad happend! Cannot read property 'gene' of null",
  level: 'error',
  service: 'user-service',
  timestamp: '2020-07-31T08:04:18.514Z'
}
{
  message: "Something bad happend! Cannot read property 'gene' of null",
  level: 'error',
  service: 'user-service',
  timestamp: '2020-07-31T08:04:19.517Z'
}
{
  message: "Something bad happend! Cannot read property 'gene' of null",
  level: 'error',
  service: 'user-service',
  timestamp: '2020-07-31T08:04:20.521Z'
}
{
  message: "Something bad happend! Cannot read property 'gene' of null",
  level: 'error',
  service: 'user-service',
  timestamp: '2020-07-31T08:04:21.525Z'
}
{
  message: "Something bad happend! Cannot read property 'gene' of null",
  level: 'error',
  service: 'user-service',
  timestamp: '2020-07-31T08:04:22.533Z'
}
{
  message: "Something bad happend! Cannot read property 'gene' of null",
  level: 'error',
  service: 'user-service',
  timestamp: '2020-07-31T08:04:23.536Z'
}
{
  message: "Something bad happend! Cannot read property 'gene' of null",
  level: 'error',
  service: 'user-service',
  timestamp: '2020-07-31T08:04:24.549Z'
}
{
  message: "Something bad happend! Cannot read property 'gene' of null",
  level: 'error',
  service: 'user-service',
  timestamp: '2020-07-31T08:04:25.559Z'
}
{
  message: 'Creating Painting 0.3400000035762787,0.6200000047683716,0.15000000596046448 for 02b9dda0d514b68346467937814d5273457a7051dc9d564a343a0c70fbe9695e7c',
  level: 'info',
  service: 'user-service',
  timestamp: '2020-07-31T08:04:25.576Z'
}
{
  message: 'Creating Painting 0.3400000035762787,0.6200000047683716,0.15000000596046448 for 02b9dda0d514b68346467937814d5273457a7051dc9d564a343a0c70fbe9695e7c',
  level: 'info',
  service: 'user-service',
  timestamp: '2020-07-31T08:04:26.576Z'
}
{
  message: 'Creating Painting 0.3400000035762787,0.6200000047683716,0.15000000596046448 for 02b9dda0d514b68346467937814d5273457a7051dc9d564a343a0c70fbe9695e7c',
  level: 'info',
  service: 'user-service',
  timestamp: '2020-07-31T08:10:03.437Z'
}
{
  message: 'Creating Painting 0.3400000035762787,0.6200000047683716,0.15000000596046448 for 02b9dda0d514b68346467937814d5273457a7051dc9d564a343a0c70fbe9695e7c',
  level: 'info',
  service: 'user-service',
  timestamp: '2020-07-31T08:10:04.104Z'
}
{
  message: 'Creating Painting 0.3400000035762787,0.6200000047683716,0.15000000596046448 for 02b9dda0d514b68346467937814d5273457a7051dc9d564a343a0c70fbe9695e7c',
  level: 'info',
  service: 'user-service',
  timestamp: '2020-07-31T08:11:56.064Z'
}
{
  message: 'Creating Painting 0.3400000035762787,0.6200000047683716,0.15000000596046448 for 02b9dda0d514b68346467937814d5273457a7051dc9d564a343a0c70fbe9695e7c',
  level: 'info',
  service: 'user-service',
  timestamp: '2020-07-31T08:11:56.774Z'
}
{
  message: {
    owner: '02b9dda0d514b68346467937814d5273457a7051dc9d564a343a0c70fbe9695e7c',
    gene: [ 0.3400000035762787, 0.6200000047683716, 0.15000000596046448 ]
  },
  level: 'error',
  service: 'user-service',
  timestamp: '2020-07-31T08:13:05.195Z'
}
{
  message: 'Creating Painting 0.3400000035762787,0.6200000047683716,0.15000000596046448 for 02b9dda0d514b68346467937814d5273457a7051dc9d564a343a0c70fbe9695e7c',
  level: 'info',
  service: 'user-service',
  timestamp: '2020-07-31T08:13:05.197Z'
}
{
  message: {
    owner: '02b9dda0d514b68346467937814d5273457a7051dc9d564a343a0c70fbe9695e7c',
    gene: [ 0.3400000035762787, 0.6200000047683716, 0.15000000596046448 ]
  },
  level: 'error',
  service: 'user-service',
  timestamp: '2020-07-31T08:13:05.233Z'
}
{
  message: 'Creating Painting 0.3400000035762787,0.6200000047683716,0.15000000596046448 for 02b9dda0d514b68346467937814d5273457a7051dc9d564a343a0c70fbe9695e7c',
  level: 'info',
  service: 'user-service',
  timestamp: '2020-07-31T08:13:05.234Z'
}
{
  message: '{"owner":"02b9dda0d514b68346467937814d5273457a7051dc9d564a343a0c70fbe9695e7c","gene":[0.3400000035762787,0.6200000047683716,0.15000000596046448]}',
  level: 'error',
  service: 'user-service',
  timestamp: '2020-07-31T08:13:36.454Z'
}
{
  message: 'Creating Painting 0.3400000035762787,0.6200000047683716,0.15000000596046448 for 02b9dda0d514b68346467937814d5273457a7051dc9d564a343a0c70fbe9695e7c',
  level: 'info',
  service: 'user-service',
  timestamp: '2020-07-31T08:13:36.456Z'
}
{
  message: '{"owner":"02b9dda0d514b68346467937814d5273457a7051dc9d564a343a0c70fbe9695e7c","gene":[0.3400000035762787,0.6200000047683716,0.15000000596046448]}',
  level: 'error',
  service: 'user-service',
  timestamp: '2020-07-31T08:13:36.497Z'
}
{
  message: 'Creating Painting 0.3400000035762787,0.6200000047683716,0.15000000596046448 for 02b9dda0d514b68346467937814d5273457a7051dc9d564a343a0c70fbe9695e7c',
  level: 'info',
  service: 'user-service',
  timestamp: '2020-07-31T08:13:36.497Z'
}
{
  message: 'Painting Already exists!!',
  level: 'error',
  service: 'user-service',
  timestamp: '2020-07-31T08:14:14.418Z'
}
{
  message: 'Something bad happend! Painting Already exists!!',
  level: 'error',
  service: 'user-service',
  timestamp: '2020-07-31T08:14:14.420Z'
}
{
  message: 'Painting Already exists!!',
  level: 'error',
  service: 'user-service',
  timestamp: '2020-07-31T08:14:14.719Z'
}
{
  message: 'Something bad happend! Painting Already exists!!',
  level: 'error',
  service: 'user-service',
  timestamp: '2020-07-31T08:14:14.720Z'
}
{
  message: 'Painting Already exists!!',
  level: 'error',
  service: 'user-service',
  timestamp: '2020-07-31T08:14:15.725Z'
}
{
  message: 'Something bad happend! Painting Already exists!!',
  level: 'error',
  service: 'user-service',
  timestamp: '2020-07-31T08:14:15.725Z'
}
{
  message: 'Painting Already exists!!',
  level: 'error',
  service: 'user-service',
  timestamp: '2020-07-31T08:14:16.730Z'
}
{
  message: 'Something bad happend! Painting Already exists!!',
  level: 'error',
  service: 'user-service',
  timestamp: '2020-07-31T08:14:16.730Z'
}
{
  message: 'Painting Already exists!!',
  level: 'error',
  service: 'user-service',
  timestamp: '2020-07-31T08:14:17.743Z'
}
{
  message: 'Something bad happend! Painting Already exists!!',
  level: 'error',
  service: 'user-service',
  timestamp: '2020-07-31T08:14:17.743Z'
}
{
  message: 'Painting Already exists!!',
  level: 'error',
  service: 'user-service',
  timestamp: '2020-07-31T08:14:18.746Z'
}
{
  message: 'Something bad happend! Painting Already exists!!',
  level: 'error',
  service: 'user-service',
  timestamp: '2020-07-31T08:14:18.747Z'
}
{
  message: 'Painting Already exists!!',
  level: 'error',
  service: 'user-service',
  timestamp: '2020-07-31T08:14:19.751Z'
}
{
  message: 'Something bad happend! Painting Already exists!!',
  level: 'error',
  service: 'user-service',
  timestamp: '2020-07-31T08:14:19.751Z'
}
{
  message: 'Painting Already exists!!',
  level: 'error',
  service: 'user-service',
  timestamp: '2020-07-31T08:14:20.758Z'
}
{
  message: 'Something bad happend! Painting Already exists!!',
  level: 'error',
  service: 'user-service',
  timestamp: '2020-07-31T08:14:20.759Z'
}
{
  message: 'Painting Already exists!!',
  level: 'error',
  service: 'user-service',
  timestamp: '2020-07-31T08:14:21.765Z'
}
{
  message: 'Something bad happend! Painting Already exists!!',
  level: 'error',
  service: 'user-service',
  timestamp: '2020-07-31T08:14:21.765Z'
}
{
  message: 'Painting Already exists!!',
  level: 'error',
  service: 'user-service',
  timestamp: '2020-07-31T08:14:22.781Z'
}
{
  message: 'Something bad happend! Painting Already exists!!',
  level: 'error',
  service: 'user-service',
  timestamp: '2020-07-31T08:14:22.781Z'
}
{
  message: 'Painting Already exists!!',
  level: 'error',
  service: 'user-service',
  timestamp: '2020-07-31T08:14:23.790Z'
}
{
  message: 'Something bad happend! Painting Already exists!!',
  level: 'error',
  service: 'user-service',
  timestamp: '2020-07-31T08:14:23.790Z'
}
{
  message: 'Painting Already exists!!',
  level: 'error',
  service: 'user-service',
  timestamp: '2020-07-31T08:14:24.793Z'
}
{
  message: 'Something bad happend! Painting Already exists!!',
  level: 'error',
  service: 'user-service',
  timestamp: '2020-07-31T08:14:24.793Z'
}
{
  message: 'Painting Already exists!!',
  level: 'error',
  service: 'user-service',
  timestamp: '2020-07-31T08:14:25.796Z'
}
{
  message: 'Something bad happend! Painting Already exists!!',
  level: 'error',
  service: 'user-service',
  timestamp: '2020-07-31T08:14:25.797Z'
}
{
  message: 'Painting Already exists!!',
  level: 'error',
  service: 'user-service',
  timestamp: '2020-07-31T08:14:26.806Z'
}
{
  message: 'Something bad happend! Painting Already exists!!',
  level: 'error',
  service: 'user-service',
  timestamp: '2020-07-31T08:14:26.807Z'
}
{
  message: 'Painting Already exists!!',
  level: 'error',
  service: 'user-service',
  timestamp: '2020-07-31T08:14:27.821Z'
}
{
  message: 'Something bad happend! Painting Already exists!!',
  level: 'error',
  service: 'user-service',
  timestamp: '2020-07-31T08:14:27.822Z'
}
{
  message: 'Painting Already exists!!',
  level: 'error',
  service: 'user-service',
  timestamp: '2020-07-31T08:14:28.828Z'
}
{
  message: 'Something bad happend! Painting Already exists!!',
  level: 'error',
  service: 'user-service',
  timestamp: '2020-07-31T08:14:28.828Z'
}
{
  message: 'Painting Already exists!!',
  level: 'error',
  service: 'user-service',
  timestamp: '2020-07-31T08:14:29.834Z'
}
{
  message: 'Something bad happend! Painting Already exists!!',
  level: 'error',
  service: 'user-service',
  timestamp: '2020-07-31T08:14:29.834Z'
}
{
  message: 'Painting Already exists!!',
  level: 'error',
  service: 'user-service',
  timestamp: '2020-07-31T08:14:30.835Z'
}
{
  message: 'Something bad happend! Painting Already exists!!',
  level: 'error',
  service: 'user-service',
  timestamp: '2020-07-31T08:14:30.836Z'
}
{
  message: 'Painting Already exists!!',
  level: 'error',
  service: 'user-service',
  timestamp: '2020-07-31T08:14:31.844Z'
}
{
  message: 'Something bad happend! Painting Already exists!!',
  level: 'error',
  service: 'user-service',
  timestamp: '2020-07-31T08:14:31.844Z'
}
{
  message: 'Painting Already exists!!',
  level: 'error',
  service: 'user-service',
  timestamp: '2020-07-31T08:14:32.850Z'
}
{
  message: 'Something bad happend! Painting Already exists!!',
  level: 'error',
  service: 'user-service',
  timestamp: '2020-07-31T08:14:32.851Z'
}
{
  message: 'Painting Already exists!!',
  level: 'error',
  service: 'user-service',
  timestamp: '2020-07-31T08:14:33.865Z'
}
{
  message: 'Something bad happend! Painting Already exists!!',
  level: 'error',
  service: 'user-service',
  timestamp: '2020-07-31T08:14:33.866Z'
}
{
  message: 'Painting Already exists!!',
  level: 'error',
  service: 'user-service',
  timestamp: '2020-07-31T08:14:34.870Z'
}
{
  message: 'Something bad happend! Painting Already exists!!',
  level: 'error',
  service: 'user-service',
  timestamp: '2020-07-31T08:14:34.871Z'
}
{
  message: 'Painting Already exists!!',
  level: 'error',
  service: 'user-service',
  timestamp: '2020-07-31T08:14:35.879Z'
}
{
  message: 'Something bad happend! Painting Already exists!!',
  level: 'error',
  service: 'user-service',
  timestamp: '2020-07-31T08:14:35.879Z'
}
{
  message: 'Painting Already exists!!',
  level: 'error',
  service: 'user-service',
  timestamp: '2020-07-31T08:14:36.885Z'
}
{
  message: 'Something bad happend! Painting Already exists!!',
  level: 'error',
  service: 'user-service',
  timestamp: '2020-07-31T08:14:36.886Z'
}
{
  message: 'Painting Already exists!!',
  level: 'error',
  service: 'user-service',
  timestamp: '2020-07-31T08:14:37.889Z'
}
{
  message: 'Something bad happend! Painting Already exists!!',
  level: 'error',
  service: 'user-service',
  timestamp: '2020-07-31T08:14:37.889Z'
}
{
  message: 'Painting Already exists!!',
  level: 'error',
  service: 'user-service',
  timestamp: '2020-07-31T08:14:38.895Z'
}
{
  message: 'Something bad happend! Painting Already exists!!',
  level: 'error',
  service: 'user-service',
  timestamp: '2020-07-31T08:14:38.895Z'
}
{
  message: 'Painting Already exists!!',
  level: 'error',
  service: 'user-service',
  timestamp: '2020-07-31T08:14:39.898Z'
}
{
  message: 'Something bad happend! Painting Already exists!!',
  level: 'error',
  service: 'user-service',
  timestamp: '2020-07-31T08:14:39.898Z'
}
{
  message: 'Painting Already exists!!',
  level: 'error',
  service: 'user-service',
  timestamp: '2020-07-31T08:14:40.902Z'
}
{
  message: 'Something bad happend! Painting Already exists!!',
  level: 'error',
  service: 'user-service',
  timestamp: '2020-07-31T08:14:40.902Z'
}
{
  message: 'Painting Already exists!!',
  level: 'error',
  service: 'user-service',
  timestamp: '2020-07-31T08:14:41.909Z'
}
{
  message: 'Something bad happend! Painting Already exists!!',
  level: 'error',
  service: 'user-service',
  timestamp: '2020-07-31T08:14:41.909Z'
}
{
  message: 'Painting Already exists!!',
  level: 'error',
  service: 'user-service',
  timestamp: '2020-07-31T08:14:42.912Z'
}
{
  message: 'Something bad happend! Painting Already exists!!',
  level: 'error',
  service: 'user-service',
  timestamp: '2020-07-31T08:14:42.912Z'
}
{
  message: 'Painting Already exists!!',
  level: 'error',
  service: 'user-service',
  timestamp: '2020-07-31T08:14:43.925Z'
}
{
  message: 'Something bad happend! Painting Already exists!!',
  level: 'error',
  service: 'user-service',
  timestamp: '2020-07-31T08:14:43.925Z'
}
{
  message: 'Painting Already exists!!',
  level: 'error',
  service: 'user-service',
  timestamp: '2020-07-31T08:14:44.928Z'
}
{
  message: 'Something bad happend! Painting Already exists!!',
  level: 'error',
  service: 'user-service',
  timestamp: '2020-07-31T08:14:44.928Z'
}
{
  message: 'Painting Already exists!!',
  level: 'error',
  service: 'user-service',
  timestamp: '2020-07-31T08:14:45.931Z'
}
{
  message: 'Something bad happend! Painting Already exists!!',
  level: 'error',
  service: 'user-service',
  timestamp: '2020-07-31T08:14:45.931Z'
}
{
  message: 'Painting Already exists!!',
  level: 'error',
  service: 'user-service',
  timestamp: '2020-07-31T08:14:46.936Z'
}
{
  message: 'Something bad happend! Painting Already exists!!',
  level: 'error',
  service: 'user-service',
  timestamp: '2020-07-31T08:14:46.937Z'
}
{
  message: 'Painting Already exists!!',
  level: 'error',
  service: 'user-service',
  timestamp: '2020-07-31T08:14:47.944Z'
}
{
  message: 'Something bad happend! Painting Already exists!!',
  level: 'error',
  service: 'user-service',
  timestamp: '2020-07-31T08:14:47.944Z'
}
{
  message: 'Painting Already exists!!',
  level: 'error',
  service: 'user-service',
  timestamp: '2020-07-31T08:14:48.948Z'
}
{
  message: 'Something bad happend! Painting Already exists!!',
  level: 'error',
  service: 'user-service',
  timestamp: '2020-07-31T08:14:48.948Z'
}
{
  message: 'Painting Already exists!!',
  level: 'error',
  service: 'user-service',
  timestamp: '2020-07-31T08:14:49.959Z'
}
{
  message: 'Something bad happend! Painting Already exists!!',
  level: 'error',
  service: 'user-service',
  timestamp: '2020-07-31T08:14:49.959Z'
}
{
  message: 'Painting Already exists!!',
  level: 'error',
  service: 'user-service',
  timestamp: '2020-07-31T08:14:50.968Z'
}
{
  message: 'Something bad happend! Painting Already exists!!',
  level: 'error',
  service: 'user-service',
  timestamp: '2020-07-31T08:14:50.968Z'
}
{
  message: 'Painting Already exists!!',
  level: 'error',
  service: 'user-service',
  timestamp: '2020-07-31T08:14:51.970Z'
}
{
  message: 'Something bad happend! Painting Already exists!!',
  level: 'error',
  service: 'user-service',
  timestamp: '2020-07-31T08:14:51.970Z'
}
{
  message: 'Painting Already exists!!',
  level: 'error',
  service: 'user-service',
  timestamp: '2020-07-31T08:14:52.982Z'
}
{
  message: 'Something bad happend! Painting Already exists!!',
  level: 'error',
  service: 'user-service',
  timestamp: '2020-07-31T08:14:52.982Z'
}
{
  message: 'Painting Already exists!!',
  level: 'error',
  service: 'user-service',
  timestamp: '2020-07-31T08:14:53.987Z'
}
{
  message: 'Something bad happend! Painting Already exists!!',
  level: 'error',
  service: 'user-service',
  timestamp: '2020-07-31T08:14:53.987Z'
}
{
  message: 'Painting Already exists!!',
  level: 'error',
  service: 'user-service',
  timestamp: '2020-07-31T08:14:55.000Z'
}
{
  message: 'Something bad happend! Painting Already exists!!',
  level: 'error',
  service: 'user-service',
  timestamp: '2020-07-31T08:14:55.000Z'
}
{
  message: 'Painting Already exists!!',
  level: 'error',
  service: 'user-service',
  timestamp: '2020-07-31T08:14:56.002Z'
}
{
  message: 'Something bad happend! Painting Already exists!!',
  level: 'error',
  service: 'user-service',
  timestamp: '2020-07-31T08:14:56.002Z'
}
{
  message: 'Painting Already exists!!',
  level: 'error',
  service: 'user-service',
  timestamp: '2020-07-31T08:14:57.008Z'
}
{
  message: 'Something bad happend! Painting Already exists!!',
  level: 'error',
  service: 'user-service',
  timestamp: '2020-07-31T08:14:57.008Z'
}
{
  message: 'Painting Already exists!!',
  level: 'error',
  service: 'user-service',
  timestamp: '2020-07-31T08:14:58.014Z'
}
{
  message: 'Something bad happend! Painting Already exists!!',
  level: 'error',
  service: 'user-service',
  timestamp: '2020-07-31T08:14:58.014Z'
}
{
  message: 'Painting Already exists!!',
  level: 'error',
  service: 'user-service',
  timestamp: '2020-07-31T08:14:59.016Z'
}
{
  message: 'Something bad happend! Painting Already exists!!',
  level: 'error',
  service: 'user-service',
  timestamp: '2020-07-31T08:14:59.017Z'
}
{
  message: 'Painting Already exists!!',
  level: 'error',
  service: 'user-service',
  timestamp: '2020-07-31T08:15:00.034Z'
}
{
  message: 'Something bad happend! Painting Already exists!!',
  level: 'error',
  service: 'user-service',
  timestamp: '2020-07-31T08:15:00.034Z'
}
{
  message: 'Painting Already exists!!',
  level: 'error',
  service: 'user-service',
  timestamp: '2020-07-31T08:15:01.045Z'
}
{
  message: 'Something bad happend! Painting Already exists!!',
  level: 'error',
  service: 'user-service',
  timestamp: '2020-07-31T08:15:01.045Z'
}
{
  message: 'Painting Already exists!!',
  level: 'error',
  service: 'user-service',
  timestamp: '2020-07-31T08:15:02.057Z'
}
{
  message: 'Something bad happend! Painting Already exists!!',
  level: 'error',
  service: 'user-service',
  timestamp: '2020-07-31T08:15:02.058Z'
}
{
  message: 'Painting Already exists!!',
  level: 'error',
  service: 'user-service',
  timestamp: '2020-07-31T08:15:03.072Z'
}
{
  message: 'Something bad happend! Painting Already exists!!',
  level: 'error',
  service: 'user-service',
  timestamp: '2020-07-31T08:15:03.073Z'
}
{
  message: 'Painting Already exists!!',
  level: 'error',
  service: 'user-service',
  timestamp: '2020-07-31T08:15:04.076Z'
}
{
  message: 'Something bad happend! Painting Already exists!!',
  level: 'error',
  service: 'user-service',
  timestamp: '2020-07-31T08:15:04.077Z'
}
{
  message: 'Painting Already exists!!',
  level: 'error',
  service: 'user-service',
  timestamp: '2020-07-31T08:15:05.079Z'
}
{
  message: 'Something bad happend! Painting Already exists!!',
  level: 'error',
  service: 'user-service',
  timestamp: '2020-07-31T08:15:05.080Z'
}
{
  message: 'Painting Already exists!!',
  level: 'error',
  service: 'user-service',
  timestamp: '2020-07-31T08:15:11.409Z'
}
{
  message: 'Something bad happend! Painting Already exists!!',
  level: 'error',
  service: 'user-service',
  timestamp: '2020-07-31T08:15:11.412Z'
}
{
  message: 'Painting Already exists!!',
  level: 'error',
  service: 'user-service',
  timestamp: '2020-07-31T08:15:11.426Z'
}
{
  message: 'Something bad happend! Painting Already exists!!',
  level: 'error',
  service: 'user-service',
  timestamp: '2020-07-31T08:15:11.426Z'
}
{
  message: 'Painting Already exists!!',
  level: 'error',
  service: 'user-service',
  timestamp: '2020-07-31T08:15:12.430Z'
}
{
  message: 'Something bad happend! Painting Already exists!!',
  level: 'error',
  service: 'user-service',
  timestamp: '2020-07-31T08:15:12.431Z'
}
{
  message: 'Painting Already exists!!',
  level: 'error',
  service: 'user-service',
  timestamp: '2020-07-31T08:15:13.434Z'
}
{
  message: 'Something bad happend! Painting Already exists!!',
  level: 'error',
  service: 'user-service',
  timestamp: '2020-07-31T08:15:13.435Z'
}
{
  message: 'Painting Already exists!!',
  level: 'error',
  service: 'user-service',
  timestamp: '2020-07-31T08:15:14.443Z'
}
{
  message: 'Something bad happend! Painting Already exists!!',
  level: 'error',
  service: 'user-service',
  timestamp: '2020-07-31T08:15:14.443Z'
}
{
  message: 'Painting Already exists!!',
  level: 'error',
  service: 'user-service',
  timestamp: '2020-07-31T08:15:15.456Z'
}
{
  message: 'Something bad happend! Painting Already exists!!',
  level: 'error',
  service: 'user-service',
  timestamp: '2020-07-31T08:15:15.456Z'
}
{
  message: 'Painting Already exists!!',
  level: 'error',
  service: 'user-service',
  timestamp: '2020-07-31T08:15:33.364Z'
}
{
  message: 'Something bad happend! Painting Already exists!!',
  level: 'error',
  service: 'user-service',
  timestamp: '2020-07-31T08:15:33.366Z'
}
{
  message: 'Painting Already exists!!',
  level: 'error',
  service: 'user-service',
  timestamp: '2020-07-31T08:15:33.381Z'
}
{
  message: 'Something bad happend! Painting Already exists!!',
  level: 'error',
  service: 'user-service',
  timestamp: '2020-07-31T08:15:33.382Z'
}
{
  message: 'Painting Already exists!!',
  level: 'error',
  service: 'user-service',
  timestamp: '2020-07-31T08:15:34.392Z'
}
{
  message: 'Something bad happend! Painting Already exists!!',
  level: 'error',
  service: 'user-service',
  timestamp: '2020-07-31T08:15:34.393Z'
}
{
  message: 'Painting Already exists!!',
  level: 'error',
  service: 'user-service',
  timestamp: '2020-07-31T08:15:35.397Z'
}
{
  message: 'Something bad happend! Painting Already exists!!',
  level: 'error',
  service: 'user-service',
  timestamp: '2020-07-31T08:15:35.398Z'
}
{
  message: 'Painting Already exists!!',
  level: 'error',
  service: 'user-service',
  timestamp: '2020-07-31T08:15:36.397Z'
}
{
  message: 'Something bad happend! Painting Already exists!!',
  level: 'error',
  service: 'user-service',
  timestamp: '2020-07-31T08:15:36.397Z'
}
{
  message: 'Painting Already exists!!',
  level: 'error',
  service: 'user-service',
  timestamp: '2020-07-31T08:15:37.415Z'
}
{
  message: 'Something bad happend! Painting Already exists!!',
  level: 'error',
  service: 'user-service',
  timestamp: '2020-07-31T08:15:37.416Z'
}
{
  message: 'Painting Already exists!!',
  level: 'error',
  service: 'user-service',
  timestamp: '2020-07-31T08:15:38.420Z'
}
{
  message: 'Something bad happend! Painting Already exists!!',
  level: 'error',
  service: 'user-service',
  timestamp: '2020-07-31T08:15:38.420Z'
}
{
  message: 'Painting Already exists!!',
  level: 'error',
  service: 'user-service',
  timestamp: '2020-07-31T08:15:39.426Z'
}
{
  message: 'Something bad happend! Painting Already exists!!',
  level: 'error',
  service: 'user-service',
  timestamp: '2020-07-31T08:15:39.427Z'
}
{
  message: 'Painting Already exists!!',
  level: 'error',
  service: 'user-service',
  timestamp: '2020-07-31T08:15:40.431Z'
}
{
  message: 'Something bad happend! Painting Already exists!!',
  level: 'error',
  service: 'user-service',
  timestamp: '2020-07-31T08:15:40.431Z'
}
{
  message: 'Painting Already exists!!',
  level: 'error',
  service: 'user-service',
  timestamp: '2020-07-31T08:15:41.434Z'
}
{
  message: 'Something bad happend! Painting Already exists!!',
  level: 'error',
  service: 'user-service',
  timestamp: '2020-07-31T08:15:41.435Z'
}
{
  message: 'Painting Already exists!!',
  level: 'error',
  service: 'user-service',
  timestamp: '2020-07-31T08:15:42.442Z'
}
{
  message: 'Something bad happend! Painting Already exists!!',
  level: 'error',
  service: 'user-service',
  timestamp: '2020-07-31T08:15:42.443Z'
}
{
  message: 'Painting Already exists!!',
  level: 'error',
  service: 'user-service',
  timestamp: '2020-07-31T08:15:43.446Z'
}
{
  message: 'Something bad happend! Painting Already exists!!',
  level: 'error',
  service: 'user-service',
  timestamp: '2020-07-31T08:15:43.446Z'
}
{
  message: 'Painting Already exists!!',
  level: 'error',
  service: 'user-service',
  timestamp: '2020-07-31T08:15:44.452Z'
}
{
  message: 'Something bad happend! Painting Already exists!!',
  level: 'error',
  service: 'user-service',
  timestamp: '2020-07-31T08:15:44.452Z'
}
{
  message: 'Painting Already exists!!',
  level: 'error',
  service: 'user-service',
  timestamp: '2020-07-31T08:15:45.457Z'
}
{
  message: 'Something bad happend! Painting Already exists!!',
  level: 'error',
  service: 'user-service',
  timestamp: '2020-07-31T08:15:45.457Z'
}
{
  message: 'Painting Already exists!!',
  level: 'error',
  service: 'user-service',
  timestamp: '2020-07-31T08:15:46.466Z'
}
{
  message: 'Something bad happend! Painting Already exists!!',
  level: 'error',
  service: 'user-service',
  timestamp: '2020-07-31T08:15:46.466Z'
}
{
  message: 'Painting Already exists!!',
  level: 'error',
  service: 'user-service',
  timestamp: '2020-07-31T08:15:47.469Z'
}
{
  message: 'Something bad happend! Painting Already exists!!',
  level: 'error',
  service: 'user-service',
  timestamp: '2020-07-31T08:15:47.470Z'
}
{
  message: 'Painting Already exists!!',
  level: 'error',
  service: 'user-service',
  timestamp: '2020-07-31T08:15:48.474Z'
}
{
  message: 'Something bad happend! Painting Already exists!!',
  level: 'error',
  service: 'user-service',
  timestamp: '2020-07-31T08:15:48.474Z'
}
{
  message: 'Painting Already exists!!',
  level: 'error',
  service: 'user-service',
  timestamp: '2020-07-31T08:15:49.477Z'
}
{
  message: 'Something bad happend! Painting Already exists!!',
  level: 'error',
  service: 'user-service',
  timestamp: '2020-07-31T08:15:49.477Z'
}
{
  message: 'Painting Already exists!!',
  level: 'error',
  service: 'user-service',
  timestamp: '2020-07-31T08:15:50.486Z'
}
{
  message: 'Something bad happend! Painting Already exists!!',
  level: 'error',
  service: 'user-service',
  timestamp: '2020-07-31T08:15:50.487Z'
}
{
  message: 'Painting Already exists!!',
  level: 'error',
  service: 'user-service',
  timestamp: '2020-07-31T08:15:51.502Z'
}
{
  message: 'Something bad happend! Painting Already exists!!',
  level: 'error',
  service: 'user-service',
  timestamp: '2020-07-31T08:15:51.502Z'
}
{
  message: 'Painting Already exists!!',
  level: 'error',
  service: 'user-service',
  timestamp: '2020-07-31T08:15:52.512Z'
}
{
  message: 'Something bad happend! Painting Already exists!!',
  level: 'error',
  service: 'user-service',
  timestamp: '2020-07-31T08:15:52.512Z'
}
{
  message: 'Painting Already exists!!',
  level: 'error',
  service: 'user-service',
  timestamp: '2020-07-31T08:15:53.528Z'
}
{
  message: 'Something bad happend! Painting Already exists!!',
  level: 'error',
  service: 'user-service',
  timestamp: '2020-07-31T08:15:53.528Z'
}
{
  message: 'Painting Already exists!!',
  level: 'error',
  service: 'user-service',
  timestamp: '2020-07-31T08:25:20.446Z'
}
{
  message: 'Something bad happend! Painting Already exists!!',
  level: 'error',
  service: 'user-service',
  timestamp: '2020-07-31T08:25:20.449Z'
}
{
  message: 'Painting Already exists!!',
  level: 'error',
  service: 'user-service',
  timestamp: '2020-07-31T08:25:20.462Z'
}
{
  message: 'Something bad happend! Painting Already exists!!',
  level: 'error',
  service: 'user-service',
  timestamp: '2020-07-31T08:25:20.463Z'
}
{
  message: 'Painting Already exists!!',
  level: 'error',
  service: 'user-service',
  timestamp: '2020-07-31T08:26:09.083Z'
}
{
  message: 'Something bad happend! Painting Already exists!!',
  level: 'error',
  service: 'user-service',
  timestamp: '2020-07-31T08:26:09.084Z'
}
{
  message: '[0.23999999463558197,0.9800000190734863,0.11999999731779099]',
  level: 'info',
  service: 'user-service',
  timestamp: '2020-07-31T08:28:19.626Z'
}
{
  message: '{"owner":"02b9dda0d514b68346467937814d5273457a7051dc9d564a343a0c70fbe9695e7c","gene":[0.3400000035762787,0.6200000047683716,0.15000000596046448]}',
  level: 'info',
  service: 'user-service',
  timestamp: '2020-07-31T08:28:19.637Z'
}
{
  message: 'Painting Already exists!!',
  level: 'error',
  service: 'user-service',
  timestamp: '2020-07-31T08:28:19.638Z'
}
{
  message: 'Something bad happend! Painting Already exists!!',
  level: 'error',
  service: 'user-service',
  timestamp: '2020-07-31T08:28:19.638Z'
}
{
  message: '[0.8899999856948853,0.5,0.12999999523162842]',
  level: 'info',
  service: 'user-service',
  timestamp: '2020-07-31T08:30:14.044Z'
}
{
  message: '{"owner":"02b9dda0d514b68346467937814d5273457a7051dc9d564a343a0c70fbe9695e7c","gene":[0.3400000035762787,0.6200000047683716,0.15000000596046448]}',
  level: 'info',
  service: 'user-service',
  timestamp: '2020-07-31T08:30:14.058Z'
}
{
  message: 'Painting Already exists!!',
  level: 'error',
  service: 'user-service',
  timestamp: '2020-07-31T08:30:14.059Z'
}
{
  message: 'Something bad happend! Painting Already exists!!',
  level: 'error',
  service: 'user-service',
  timestamp: '2020-07-31T08:30:14.059Z'
}
{
  message: '[1,0.5,0]',
  level: 'info',
  service: 'user-service',
  timestamp: '2020-07-31T08:31:26.953Z'
}
{
  message: '{}',
  level: 'info',
  service: 'user-service',
  timestamp: '2020-07-31T08:31:26.966Z'
}
{
  message: 'Creating Painting 1,0.5,0 for 02b9dda0d514b68346467937814d5273457a7051dc9d564a343a0c70fbe9695e7c',
  level: 'info',
  service: 'user-service',
  timestamp: '2020-07-31T08:31:26.967Z'
}
{
  message: '[1,0.5,0]',
  level: 'info',
  service: 'user-service',
  timestamp: '2020-07-31T08:33:04.479Z'
}
{
  message: '{"owner":"02b9dda0d514b68346467937814d5273457a7051dc9d564a343a0c70fbe9695e7c","gene":[1,0.5,0]}',
  level: 'info',
  service: 'user-service',
  timestamp: '2020-07-31T08:33:04.491Z'
}
{
  message: 'Creating Painting 1,0.5,0 for 02b9dda0d514b68346467937814d5273457a7051dc9d564a343a0c70fbe9695e7c',
  level: 'info',
  service: 'user-service',
  timestamp: '2020-07-31T08:33:04.491Z'
}
{
  message: '[1,0,0]',
  level: 'info',
  service: 'user-service',
  timestamp: '2020-07-31T08:35:28.874Z'
}
{
  message: '{}',
  level: 'info',
  service: 'user-service',
  timestamp: '2020-07-31T08:35:28.885Z'
}
{
  message: 'Creating Painting 1,0,0 for 02b9dda0d514b68346467937814d5273457a7051dc9d564a343a0c70fbe9695e7c',
  level: 'info',
  service: 'user-service',
  timestamp: '2020-07-31T08:35:28.885Z'
}
{
  message: '[0,0,0]',
  level: 'info',
  service: 'user-service',
  timestamp: '2020-07-31T08:36:57.586Z'
}
{
  message: '{}',
  level: 'info',
  service: 'user-service',
  timestamp: '2020-07-31T08:36:57.596Z'
}
{
  message: 'Creating Painting 0,0,0 for 02b9dda0d514b68346467937814d5273457a7051dc9d564a343a0c70fbe9695e7c',
  level: 'info',
  service: 'user-service',
  timestamp: '2020-07-31T08:36:57.596Z'
}
{
  message: '[0,0,0]',
  level: 'info',
  service: 'user-service',
  timestamp: '2020-07-31T08:37:35.934Z'
}
{
  message: '{"owner":"02b9dda0d514b68346467937814d5273457a7051dc9d564a343a0c70fbe9695e7c","gene":[0,0,0]}',
  level: 'info',
  service: 'user-service',
  timestamp: '2020-07-31T08:37:35.945Z'
}
{
  message: 'Creating Painting 0,0,0 for 02b9dda0d514b68346467937814d5273457a7051dc9d564a343a0c70fbe9695e7c',
  level: 'info',
  service: 'user-service',
  timestamp: '2020-07-31T08:37:35.945Z'
}
