{
  message: 'Server is running on 3001',
  level: 'info',
  timestamp: '2020-05-16T17:33:51.397Z'
}
{
  level: 'warn',
  message: 'Database not initialized:',
  timestamp: '2020-05-16T17:33:51.448Z'
}
{
  message: 'Retrying database in 0.5 seconds...',
  level: 'warn',
  timestamp: '2020-05-16T17:33:51.448Z'
}
{
  level: 'warn',
  message: 'Database not initialized:',
  timestamp: '2020-05-16T17:33:51.952Z'
}
{
  message: 'Retrying database in 0.5 seconds...',
  level: 'warn',
  timestamp: '2020-05-16T17:33:51.952Z'
}
{
  level: 'warn',
  message: 'Database not initialized:',
  timestamp: '2020-05-16T17:33:52.458Z'
}
{
  message: 'Retrying database in 0.5 seconds...',
  level: 'warn',
  timestamp: '2020-05-16T17:33:52.459Z'
}
{
  level: 'warn',
  message: 'Database not initialized:',
  timestamp: '2020-05-16T17:33:52.964Z'
}
{
  message: 'Retrying database in 0.5 seconds...',
  level: 'warn',
  timestamp: '2020-05-16T17:33:52.964Z'
}
{
  level: 'warn',
  message: 'Database not initialized:',
  timestamp: '2020-05-16T17:33:53.468Z'
}
{
  message: 'Retrying database in 0.5 seconds...',
  level: 'warn',
  timestamp: '2020-05-16T17:33:53.468Z'
}
{
  level: 'warn',
  message: 'Database not initialized:',
  timestamp: '2020-05-16T17:33:53.975Z'
}
{
  message: 'Retrying database in 0.5 seconds...',
  level: 'warn',
  timestamp: '2020-05-16T17:33:53.975Z'
}
{
  level: 'warn',
  message: 'Database not initialized:',
  timestamp: '2020-05-16T17:33:54.482Z'
}
{
  message: 'Retrying database in 0.5 seconds...',
  level: 'warn',
  timestamp: '2020-05-16T17:33:54.482Z'
}
{
  level: 'warn',
  message: 'Database not initialized:',
  timestamp: '2020-05-16T17:33:54.987Z'
}
{
  message: 'Retrying database in 0.5 seconds...',
  level: 'warn',
  timestamp: '2020-05-16T17:33:54.987Z'
}
{
  level: 'warn',
  message: 'Database not initialized:',
  timestamp: '2020-05-16T17:33:55.494Z'
}
{
  message: 'Retrying database in 0.5 seconds...',
  level: 'warn',
  timestamp: '2020-05-16T17:33:55.494Z'
}
{
  level: 'warn',
  message: 'Database not initialized:',
  timestamp: '2020-05-16T17:33:56.001Z'
}
{
  message: 'Retrying database in 0.5 seconds...',
  level: 'warn',
  timestamp: '2020-05-16T17:33:56.001Z'
}
{
  level: 'warn',
  message: 'Database not initialized:',
  timestamp: '2020-05-16T17:33:56.508Z'
}
{
  message: 'Retrying database in 0.5 seconds...',
  level: 'warn',
  timestamp: '2020-05-16T17:33:56.509Z'
}
{
  level: 'warn',
  message: 'Database not initialized:',
  timestamp: '2020-05-16T17:33:57.015Z'
}
{
  message: 'Retrying database in 0.5 seconds...',
  level: 'warn',
  timestamp: '2020-05-16T17:33:57.015Z'
}
{
  level: 'warn',
  message: 'Database not initialized:',
  timestamp: '2020-05-16T17:33:57.520Z'
}
{
  message: 'Retrying database in 0.5 seconds...',
  level: 'warn',
  timestamp: '2020-05-16T17:33:57.520Z'
}
{
  level: 'warn',
  message: 'Database not initialized:',
  timestamp: '2020-05-16T17:33:58.023Z'
}
{
  message: 'Retrying database in 0.5 seconds...',
  level: 'warn',
  timestamp: '2020-05-16T17:33:58.024Z'
}
{
  level: 'warn',
  message: 'Database not initialized:',
  timestamp: '2020-05-16T17:33:58.531Z'
}
{
  message: 'Retrying database in 0.5 seconds...',
  level: 'warn',
  timestamp: '2020-05-16T17:33:58.531Z'
}
{
  level: 'warn',
  message: 'Database not initialized:',
  timestamp: '2020-05-16T17:33:59.038Z'
}
{
  message: 'Retrying database in 0.5 seconds...',
  level: 'warn',
  timestamp: '2020-05-16T17:33:59.039Z'
}
{
  level: 'warn',
  message: 'Database not initialized:',
  timestamp: '2020-05-16T17:33:59.541Z'
}
{
  message: 'Retrying database in 0.5 seconds...',
  level: 'warn',
  timestamp: '2020-05-16T17:33:59.542Z'
}
{
  level: 'warn',
  message: 'Database not initialized:',
  timestamp: '2020-05-16T17:34:00.050Z'
}
{
  message: 'Retrying database in 0.5 seconds...',
  level: 'warn',
  timestamp: '2020-05-16T17:34:00.050Z'
}
{
  level: 'warn',
  message: 'Database not initialized:',
  timestamp: '2020-05-16T17:34:00.558Z'
}
{
  message: 'Retrying database in 0.5 seconds...',
  level: 'warn',
  timestamp: '2020-05-16T17:34:00.559Z'
}
{
  level: 'warn',
  message: 'Database not initialized:',
  timestamp: '2020-05-16T17:34:01.064Z'
}
{
  message: 'Retrying database in 0.5 seconds...',
  level: 'warn',
  timestamp: '2020-05-16T17:34:01.064Z'
}
{
  level: 'warn',
  message: 'Database not initialized:',
  timestamp: '2020-05-16T17:34:01.567Z'
}
{
  message: 'Retrying database in 0.5 seconds...',
  level: 'warn',
  timestamp: '2020-05-16T17:34:01.567Z'
}
{
  level: 'warn',
  message: 'Database not initialized:',
  timestamp: '2020-05-16T17:34:02.074Z'
}
{
  message: 'Retrying database in 0.5 seconds...',
  level: 'warn',
  timestamp: '2020-05-16T17:34:02.075Z'
}
{
  message: '::ffff:127.0.0.1 "GET /css/Fonts HTTP/1.1" 404 148 10.319 "http://localhost:3000/" "Mozilla/5.0 (Macintosh; Intel Mac OS X 10_13_6) AppleWebKit/537.36 (KHTML, like Gecko) Chrome/81.0.4044.138 Safari/537.36" \n',
  level: 'info',
  timestamp: '2020-05-16T17:34:02.370Z'
}
{
  level: 'warn',
  message: 'Database not initialized:',
  timestamp: '2020-05-16T17:34:02.581Z'
}
{
  message: 'Retrying database in 0.5 seconds...',
  level: 'warn',
  timestamp: '2020-05-16T17:34:02.582Z'
}
{
  message: 'Unauthorized cookie',
  level: 'error',
  timestamp: '2020-05-16T17:34:02.648Z'
}
{
  message: "401 - The user doesn't have authorization!",
  level: 'warn',
  timestamp: '2020-05-16T17:34:02.649Z'
}
{
  message: '::ffff:127.0.0.1 "GET /auth/auth HTTP/1.1" 401 193 12.524 "http://localhost:3000/" "Mozilla/5.0 (Macintosh; Intel Mac OS X 10_13_6) AppleWebKit/537.36 (KHTML, like Gecko) Chrome/81.0.4044.138 Safari/537.36" \n',
  level: 'info',
  timestamp: '2020-05-16T17:34:02.654Z'
}
{
  level: 'warn',
  message: 'Database not initialized:',
  timestamp: '2020-05-16T17:34:03.084Z'
}
{
  message: 'Retrying database in 0.5 seconds...',
  level: 'warn',
  timestamp: '2020-05-16T17:34:03.085Z'
}
{
  level: 'warn',
  message: 'Database not initialized:',
  timestamp: '2020-05-16T17:34:03.591Z'
}
{
  message: 'Retrying database in 0.5 seconds...',
  level: 'warn',
  timestamp: '2020-05-16T17:34:03.592Z'
}
{
  level: 'warn',
  message: 'Database not initialized:',
  timestamp: '2020-05-16T17:34:04.096Z'
}
{
  message: 'Retrying database in 0.5 seconds...',
  level: 'warn',
  timestamp: '2020-05-16T17:34:04.096Z'
}
{
  level: 'warn',
  message: 'Database not initialized:',
  timestamp: '2020-05-16T17:34:04.601Z'
}
{
  message: 'Retrying database in 0.5 seconds...',
  level: 'warn',
  timestamp: '2020-05-16T17:34:04.602Z'
}
{
  level: 'warn',
  message: 'Database not initialized:',
  timestamp: '2020-05-16T17:34:05.108Z'
}
{
  message: 'Retrying database in 0.5 seconds...',
  level: 'warn',
  timestamp: '2020-05-16T17:34:05.109Z'
}
{
  level: 'warn',
  message: 'Database not initialized:',
  timestamp: '2020-05-16T17:34:05.616Z'
}
{
  message: 'Retrying database in 0.5 seconds...',
  level: 'warn',
  timestamp: '2020-05-16T17:34:05.616Z'
}
{
  level: 'warn',
  message: 'Database not initialized:',
  timestamp: '2020-05-16T17:34:06.119Z'
}
{
  message: 'Retrying database in 0.5 seconds...',
  level: 'warn',
  timestamp: '2020-05-16T17:34:06.120Z'
}
{
  level: 'warn',
  message: 'Database not initialized:',
  timestamp: '2020-05-16T17:34:06.627Z'
}
{
  message: 'Retrying database in 0.5 seconds...',
  level: 'warn',
  timestamp: '2020-05-16T17:34:06.627Z'
}
{
  level: 'warn',
  message: 'Database not initialized:',
  timestamp: '2020-05-16T17:34:07.131Z'
}
{
  message: 'Retrying database in 0.5 seconds...',
  level: 'warn',
  timestamp: '2020-05-16T17:34:07.131Z'
}
{
  level: 'warn',
  message: 'Database not initialized:',
  timestamp: '2020-05-16T17:34:07.639Z'
}
{
  message: 'Retrying database in 0.5 seconds...',
  level: 'warn',
  timestamp: '2020-05-16T17:34:07.640Z'
}
{
  level: 'warn',
  message: 'Database not initialized:',
  timestamp: '2020-05-16T17:34:08.145Z'
}
{
  message: 'Retrying database in 0.5 seconds...',
  level: 'warn',
  timestamp: '2020-05-16T17:34:08.145Z'
}
{
  level: 'warn',
  message: 'Database not initialized:',
  timestamp: '2020-05-16T17:34:08.653Z'
}
{
  message: 'Retrying database in 0.5 seconds...',
  level: 'warn',
  timestamp: '2020-05-16T17:34:08.654Z'
}
{
  level: 'warn',
  message: 'Database not initialized:',
  timestamp: '2020-05-16T17:34:09.160Z'
}
{
  message: 'Retrying database in 0.5 seconds...',
  level: 'warn',
  timestamp: '2020-05-16T17:34:09.160Z'
}
{
  level: 'warn',
  message: 'Database not initialized:',
  timestamp: '2020-05-16T17:34:09.667Z'
}
{
  message: 'Retrying database in 0.5 seconds...',
  level: 'warn',
  timestamp: '2020-05-16T17:34:09.668Z'
}
{
  level: 'warn',
  message: 'Database not initialized:',
  timestamp: '2020-05-16T17:34:10.171Z'
}
{
  message: 'Retrying database in 0.5 seconds...',
  level: 'warn',
  timestamp: '2020-05-16T17:34:10.172Z'
}
{
  level: 'warn',
  message: 'Database not initialized:',
  timestamp: '2020-05-16T17:34:10.680Z'
}
{
  message: 'Retrying database in 0.5 seconds...',
  level: 'warn',
  timestamp: '2020-05-16T17:34:10.681Z'
}
{
  level: 'warn',
  message: 'Database not initialized:',
  timestamp: '2020-05-16T17:34:11.184Z'
}
{
  message: 'Retrying database in 0.5 seconds...',
  level: 'warn',
  timestamp: '2020-05-16T17:34:11.185Z'
}
{
  level: 'warn',
  message: 'Database not initialized:',
  timestamp: '2020-05-16T17:34:11.692Z'
}
{
  message: 'Retrying database in 0.5 seconds...',
  level: 'warn',
  timestamp: '2020-05-16T17:34:11.693Z'
}
{
  level: 'warn',
  message: 'Database not initialized:',
  timestamp: '2020-05-16T17:34:12.202Z'
}
{
  message: 'Retrying database in 0.5 seconds...',
  level: 'warn',
  timestamp: '2020-05-16T17:34:12.202Z'
}
{
  level: 'warn',
  message: 'Database not initialized:',
  timestamp: '2020-05-16T17:34:12.710Z'
}
{
  message: 'Retrying database in 0.5 seconds...',
  level: 'warn',
  timestamp: '2020-05-16T17:34:12.712Z'
}
{
  level: 'warn',
  message: 'Database not initialized:',
  timestamp: '2020-05-16T17:34:13.217Z'
}
{
  message: 'Retrying database in 0.5 seconds...',
  level: 'warn',
  timestamp: '2020-05-16T17:34:13.218Z'
}
{
  level: 'warn',
  message: 'Database not initialized:',
  timestamp: '2020-05-16T17:34:13.725Z'
}
{
  message: 'Retrying database in 0.5 seconds...',
  level: 'warn',
  timestamp: '2020-05-16T17:34:13.725Z'
}
{
  level: 'warn',
  message: 'Database not initialized:',
  timestamp: '2020-05-16T17:34:14.232Z'
}
{
  message: 'Retrying database in 0.5 seconds...',
  level: 'warn',
  timestamp: '2020-05-16T17:34:14.232Z'
}
{
  level: 'warn',
  message: 'Database not initialized:',
  timestamp: '2020-05-16T17:34:14.740Z'
}
{
  message: 'Retrying database in 0.5 seconds...',
  level: 'warn',
  timestamp: '2020-05-16T17:34:14.740Z'
}
{
  level: 'warn',
  message: 'Database not initialized:',
  timestamp: '2020-05-16T17:34:15.248Z'
}
{
  message: 'Retrying database in 0.5 seconds...',
  level: 'warn',
  timestamp: '2020-05-16T17:34:15.248Z'
}
{
  level: 'warn',
  message: 'Database not initialized:',
  timestamp: '2020-05-16T17:34:15.757Z'
}
{
  message: 'Retrying database in 0.5 seconds...',
  level: 'warn',
  timestamp: '2020-05-16T17:34:15.757Z'
}
{
  level: 'warn',
  message: 'Database not initialized:',
  timestamp: '2020-05-16T17:34:16.264Z'
}
{
  message: 'Retrying database in 0.5 seconds...',
  level: 'warn',
  timestamp: '2020-05-16T17:34:16.265Z'
}
{
  level: 'warn',
  message: 'Database not initialized:',
  timestamp: '2020-05-16T17:34:16.769Z'
}
{
  message: 'Retrying database in 0.5 seconds...',
  level: 'warn',
  timestamp: '2020-05-16T17:34:16.770Z'
}
{
  level: 'warn',
  message: 'Database not initialized:',
  timestamp: '2020-05-16T17:34:17.276Z'
}
{
  message: 'Retrying database in 0.5 seconds...',
  level: 'warn',
  timestamp: '2020-05-16T17:34:17.276Z'
}
{
  level: 'warn',
  message: 'Database not initialized:',
  timestamp: '2020-05-16T17:34:17.783Z'
}
{
  message: 'Retrying database in 0.5 seconds...',
  level: 'warn',
  timestamp: '2020-05-16T17:34:17.783Z'
}
{
  level: 'warn',
  message: 'Database not initialized:',
  timestamp: '2020-05-16T17:34:18.293Z'
}
{
  message: 'Retrying database in 0.5 seconds...',
  level: 'warn',
  timestamp: '2020-05-16T17:34:18.293Z'
}
{
  level: 'warn',
  message: 'Database not initialized:',
  timestamp: '2020-05-16T17:34:18.802Z'
}
{
  message: 'Retrying database in 0.5 seconds...',
  level: 'warn',
  timestamp: '2020-05-16T17:34:18.803Z'
}
{
  level: 'warn',
  message: 'Database not initialized:',
  timestamp: '2020-05-16T17:34:19.306Z'
}
{
  message: 'Retrying database in 0.5 seconds...',
  level: 'warn',
  timestamp: '2020-05-16T17:34:19.306Z'
}
{
  level: 'warn',
  message: 'Database not initialized:',
  timestamp: '2020-05-16T17:34:19.813Z'
}
{
  message: 'Retrying database in 0.5 seconds...',
  level: 'warn',
  timestamp: '2020-05-16T17:34:19.813Z'
}
{
  level: 'warn',
  message: 'Database not initialized:',
  timestamp: '2020-05-16T17:34:20.318Z'
}
{
  message: 'Retrying database in 0.5 seconds...',
  level: 'warn',
  timestamp: '2020-05-16T17:34:20.319Z'
}
{
  level: 'warn',
  message: 'Database not initialized:',
  timestamp: '2020-05-16T17:34:20.823Z'
}
{
  message: 'Retrying database in 0.5 seconds...',
  level: 'warn',
  timestamp: '2020-05-16T17:34:20.824Z'
}
{
  level: 'warn',
  message: 'Database not initialized:',
  timestamp: '2020-05-16T17:34:21.333Z'
}
{
  message: 'Retrying database in 0.5 seconds...',
  level: 'warn',
  timestamp: '2020-05-16T17:34:21.333Z'
}
{
  level: 'warn',
  message: 'Database not initialized:',
  timestamp: '2020-05-16T17:34:21.841Z'
}
{
  message: 'Retrying database in 0.5 seconds...',
  level: 'warn',
  timestamp: '2020-05-16T17:34:21.841Z'
}
{
  level: 'warn',
  message: 'Database not initialized:',
  timestamp: '2020-05-16T17:34:22.348Z'
}
{
  message: 'Retrying database in 0.5 seconds...',
  level: 'warn',
  timestamp: '2020-05-16T17:34:22.349Z'
}
{
  level: 'warn',
  message: 'Database not initialized:',
  timestamp: '2020-05-16T17:34:22.857Z'
}
{
  message: 'Retrying database in 0.5 seconds...',
  level: 'warn',
  timestamp: '2020-05-16T17:34:22.857Z'
}
{
  level: 'warn',
  message: 'Database not initialized:',
  timestamp: '2020-05-16T17:34:23.364Z'
}
{
  message: 'Retrying database in 0.5 seconds...',
  level: 'warn',
  timestamp: '2020-05-16T17:34:23.365Z'
}
{
  level: 'warn',
  message: 'Database not initialized:',
  timestamp: '2020-05-16T17:34:23.871Z'
}
{
  message: 'Retrying database in 0.5 seconds...',
  level: 'warn',
  timestamp: '2020-05-16T17:34:23.872Z'
}
{
  level: 'warn',
  message: 'Database not initialized:',
  timestamp: '2020-05-16T17:34:24.378Z'
}
{
  message: 'Retrying database in 0.5 seconds...',
  level: 'warn',
  timestamp: '2020-05-16T17:34:24.379Z'
}
{
  level: 'warn',
  message: 'Database not initialized:',
  timestamp: '2020-05-16T17:34:24.887Z'
}
{
  message: 'Retrying database in 0.5 seconds...',
  level: 'warn',
  timestamp: '2020-05-16T17:34:24.887Z'
}
{
  level: 'warn',
  message: 'Database not initialized:',
  timestamp: '2020-05-16T17:34:25.391Z'
}
{
  message: 'Retrying database in 0.5 seconds...',
  level: 'warn',
  timestamp: '2020-05-16T17:34:25.392Z'
}
{
  level: 'warn',
  message: 'Database not initialized:',
  timestamp: '2020-05-16T17:34:25.897Z'
}
{
  message: 'Retrying database in 0.5 seconds...',
  level: 'warn',
  timestamp: '2020-05-16T17:34:25.898Z'
}
{
  level: 'warn',
  message: 'Database not initialized:',
  timestamp: '2020-05-16T17:34:26.404Z'
}
{
  message: 'Retrying database in 0.5 seconds...',
  level: 'warn',
  timestamp: '2020-05-16T17:34:26.405Z'
}
{
  level: 'warn',
  message: 'Database not initialized:',
  timestamp: '2020-05-16T17:34:26.910Z'
}
{
  message: 'Retrying database in 0.5 seconds...',
  level: 'warn',
  timestamp: '2020-05-16T17:34:26.911Z'
}
{
  message: 'Server is running on 3001',
  level: 'info',
  timestamp: '2020-05-16T17:35:09.942Z'
}
{
  level: 'warn',
  message: 'Database not initialized:',
  timestamp: '2020-05-16T17:35:09.997Z'
}
{
  message: 'Retrying database in 0.5 seconds...',
  level: 'warn',
  timestamp: '2020-05-16T17:35:09.998Z'
}
{
  level: 'warn',
  message: 'Database not initialized:',
  timestamp: '2020-05-16T17:35:10.503Z'
}
{
  message: 'Retrying database in 0.5 seconds...',
  level: 'warn',
  timestamp: '2020-05-16T17:35:10.504Z'
}
{
  level: 'warn',
  message: 'Database not initialized:',
  timestamp: '2020-05-16T17:35:11.009Z'
}
{
  message: 'Retrying database in 0.5 seconds...',
  level: 'warn',
  timestamp: '2020-05-16T17:35:11.010Z'
}
{
  level: 'warn',
  message: 'Database not initialized:',
  timestamp: '2020-05-16T17:35:11.517Z'
}
{
  message: 'Retrying database in 0.5 seconds...',
  level: 'warn',
  timestamp: '2020-05-16T17:35:11.518Z'
}
{
  level: 'warn',
  message: 'Database not initialized:',
  timestamp: '2020-05-16T17:35:12.021Z'
}
{
  message: 'Retrying database in 0.5 seconds...',
  level: 'warn',
  timestamp: '2020-05-16T17:35:12.022Z'
}
{
  level: 'warn',
  message: 'Database not initialized:',
  timestamp: '2020-05-16T17:35:12.530Z'
}
{
  message: 'Retrying database in 0.5 seconds...',
  level: 'warn',
  timestamp: '2020-05-16T17:35:12.531Z'
}
{
  level: 'warn',
  message: 'Database not initialized:',
  timestamp: '2020-05-16T17:35:13.039Z'
}
{
  message: 'Retrying database in 0.5 seconds...',
  level: 'warn',
  timestamp: '2020-05-16T17:35:13.039Z'
}
{
  level: 'warn',
  message: 'Database not initialized:',
  timestamp: '2020-05-16T17:35:13.542Z'
}
{
  message: 'Retrying database in 0.5 seconds...',
  level: 'warn',
  timestamp: '2020-05-16T17:35:13.543Z'
}
{
  level: 'warn',
  message: 'Database not initialized:',
  timestamp: '2020-05-16T17:35:14.050Z'
}
{
  message: 'Retrying database in 0.5 seconds...',
  level: 'warn',
  timestamp: '2020-05-16T17:35:14.050Z'
}
{
  level: 'warn',
  message: 'Database not initialized:',
  timestamp: '2020-05-16T17:35:14.557Z'
}
{
  message: 'Retrying database in 0.5 seconds...',
  level: 'warn',
  timestamp: '2020-05-16T17:35:14.557Z'
}
{
  level: 'warn',
  message: 'Database not initialized:',
  timestamp: '2020-05-16T17:35:15.062Z'
}
{
  message: 'Retrying database in 0.5 seconds...',
  level: 'warn',
  timestamp: '2020-05-16T17:35:15.062Z'
}
{
  message: 'Server is running on 3001',
  level: 'info',
  timestamp: '2020-05-16T17:39:50.880Z'
}
{
  message: 'Successfully connected to RethinkDB database: blockchain98',
  level: 'info',
  timestamp: '2020-05-16T17:39:50.925Z'
}
{
  message: 'Server is ready ...',
  level: 'info',
  timestamp: '2020-05-16T17:39:50.988Z'
}
{
  message: '::ffff:127.0.0.1 "GET /css/Fonts HTTP/1.1" 404 148 19.008 "http://localhost:3000/" "Mozilla/5.0 (Macintosh; Intel Mac OS X 10_13_6) AppleWebKit/537.36 (KHTML, like Gecko) Chrome/81.0.4044.138 Safari/537.36" \n',
  level: 'info',
  timestamp: '2020-05-16T17:40:04.247Z'
}
{
  message: 'Unauthorized cookie',
  level: 'error',
  timestamp: '2020-05-16T17:40:04.544Z'
}
{
  message: "401 - The user doesn't have authorization!",
  level: 'warn',
  timestamp: '2020-05-16T17:40:04.546Z'
}
{
  message: '::ffff:127.0.0.1 "GET /auth/auth HTTP/1.1" 401 193 7.586 "http://localhost:3000/" "Mozilla/5.0 (Macintosh; Intel Mac OS X 10_13_6) AppleWebKit/537.36 (KHTML, like Gecko) Chrome/81.0.4044.138 Safari/537.36" \n',
  level: 'info',
  timestamp: '2020-05-16T17:40:04.550Z'
}
{
  message: '::ffff:127.0.0.1 "GET /css/Fonts HTTP/1.1" 404 148 3.103 "http://localhost:3000/register" "Mozilla/5.0 (Macintosh; Intel Mac OS X 10_13_6) AppleWebKit/537.36 (KHTML, like Gecko) Chrome/81.0.4044.138 Safari/537.36" \n',
  level: 'info',
  timestamp: '2020-05-16T17:40:14.183Z'
}
{
  message: '::ffff:127.0.0.1 "POST /auth/register HTTP/1.1" 200 137 110.063 "http://localhost:3000/register" "Mozilla/5.0 (Macintosh; Intel Mac OS X 10_13_6) AppleWebKit/537.36 (KHTML, like Gecko) Chrome/81.0.4044.138 Safari/537.36" \n',
  level: 'info',
  timestamp: '2020-05-16T17:40:29.396Z'
}
{
  message: 'Unauthorized cookie',
  level: 'error',
  timestamp: '2020-05-16T17:40:29.428Z'
}
{
  message: "401 - The user doesn't have authorization!",
  level: 'warn',
  timestamp: '2020-05-16T17:40:29.428Z'
}
{
  message: '::ffff:127.0.0.1 "GET /auth/auth HTTP/1.1" 401 193 4.440 "http://localhost:3000/login" "Mozilla/5.0 (Macintosh; Intel Mac OS X 10_13_6) AppleWebKit/537.36 (KHTML, like Gecko) Chrome/81.0.4044.138 Safari/537.36" \n',
  level: 'info',
  timestamp: '2020-05-16T17:40:29.432Z'
}
{
  message: '::ffff:127.0.0.1 "POST /auth/login HTTP/1.1" 200 183 96.461 "http://localhost:3000/login" "Mozilla/5.0 (Macintosh; Intel Mac OS X 10_13_6) AppleWebKit/537.36 (KHTML, like Gecko) Chrome/81.0.4044.138 Safari/537.36" \n',
  level: 'info',
  timestamp: '2020-05-16T17:40:35.985Z'
}
{
  message: '::ffff:127.0.0.1 "GET /auth/auth HTTP/1.1" 200 47 3.786 "http://localhost:3000/dashboard" "Mozilla/5.0 (Macintosh; Intel Mac OS X 10_13_6) AppleWebKit/537.36 (KHTML, like Gecko) Chrome/81.0.4044.138 Safari/537.36" \n',
  level: 'info',
  timestamp: '2020-05-16T17:40:36.022Z'
}
{
  message: 'The transaction with transactionId 0e307c08a9344fe6d2a94c1acbe0fdabb1d4a83bfe7c4e30f48e89b0e34cce865f96467dc22eacae0bbad54bfa48161a972e476e063f125041a1b90705cd6dd0 is recieved',
  level: 'info',
  timestamp: '2020-05-16T17:40:37.914Z'
}
{
  message: 'The transaction with transactionId 0e307c08a9344fe6d2a94c1acbe0fdabb1d4a83bfe7c4e30f48e89b0e34cce865f96467dc22eacae0bbad54bfa48161a972e476e063f125041a1b90705cd6dd0 is done.',
  level: 'info',
  timestamp: '2020-05-16T17:40:39.382Z'
}
{
  message: '::ffff:127.0.0.1 "POST /blockchain/transactions?wait HTTP/1.1" 200 356 1479.032 "http://localhost:3000/dashboard" "Mozilla/5.0 (Macintosh; Intel Mac OS X 10_13_6) AppleWebKit/537.36 (KHTML, like Gecko) Chrome/81.0.4044.138 Safari/537.36" \n',
  level: 'info',
  timestamp: '2020-05-16T17:40:39.386Z'
}
{
  message: '::ffff:127.0.0.1 "POST /blockchain/registerBlockchain HTTP/1.1" 200 199 11.363 "http://localhost:3000/dashboard" "Mozilla/5.0 (Macintosh; Intel Mac OS X 10_13_6) AppleWebKit/537.36 (KHTML, like Gecko) Chrome/81.0.4044.138 Safari/537.36" \n',
  level: 'info',
  timestamp: '2020-05-16T17:40:44.810Z'
}
{
  level: 'warn',
  message: 'Received message of unknown type:',
  timestamp: '2020-05-16T17:40:52.130Z'
}
{
  message: 'The transaction with transactionId fe9f11aa03d8185be3614c48df630697b7790d89c940574fe7d693adc32e23435c55e428dd15dae7227162ae5e51223757c626aa0624fdded9ff91f428906687 is recieved',
  level: 'info',
  timestamp: '2020-05-16T17:40:54.214Z'
}
{
  message: 'The transaction with transactionId fe9f11aa03d8185be3614c48df630697b7790d89c940574fe7d693adc32e23435c55e428dd15dae7227162ae5e51223757c626aa0624fdded9ff91f428906687 is done.',
  level: 'info',
  timestamp: '2020-05-16T17:40:55.518Z'
}
{
  message: '::ffff:127.0.0.1 "POST /blockchain/transactions?wait HTTP/1.1" 200 356 1307.863 "http://localhost:3000/dashboard" "Mozilla/5.0 (Macintosh; Intel Mac OS X 10_13_6) AppleWebKit/537.36 (KHTML, like Gecko) Chrome/81.0.4044.138 Safari/537.36" \n',
  level: 'info',
  timestamp: '2020-05-16T17:40:55.521Z'
}
{
  message: '409 - PublicKey already exists!',
  level: 'warn',
  timestamp: '2020-05-16T17:41:11.567Z'
}
{
  message: '::ffff:127.0.0.1 "POST /blockchain/registerBlockchain HTTP/1.1" 409 162 6.984 "http://localhost:3000/dashboard" "Mozilla/5.0 (Macintosh; Intel Mac OS X 10_13_6) AppleWebKit/537.36 (KHTML, like Gecko) Chrome/81.0.4044.138 Safari/537.36" \n',
  level: 'info',
  timestamp: '2020-05-16T17:41:11.570Z'
}
{
  level: 'warn',
  message: 'Received message of unknown type:',
  timestamp: '2020-05-16T17:41:12.136Z'
}
{
  level: 'warn',
  message: 'Received message of unknown type:',
  timestamp: '2020-05-16T17:41:22.144Z'
}
{
  level: 'warn',
  message: 'Received message of unknown type:',
  timestamp: '2020-05-16T17:41:32.146Z'
}
{
  level: 'warn',
  message: 'Received message of unknown type:',
  timestamp: '2020-05-16T17:41:42.144Z'
}
{
  level: 'warn',
  message: 'Received message of unknown type:',
  timestamp: '2020-05-16T17:41:52.146Z'
}
{
  level: 'warn',
  message: 'Received message of unknown type:',
  timestamp: '2020-05-16T17:42:02.146Z'
}
{
  level: 'warn',
  message: 'Received message of unknown type:',
  timestamp: '2020-05-16T17:42:12.147Z'
}
{
  level: 'warn',
  message: 'Received message of unknown type:',
  timestamp: '2020-05-16T17:42:22.154Z'
}
{
  level: 'warn',
  message: 'Received message of unknown type:',
  timestamp: '2020-05-16T17:42:32.152Z'
}
{
  level: 'warn',
  message: 'Received message of unknown type:',
  timestamp: '2020-05-16T17:42:42.150Z'
}
{
  level: 'warn',
  message: 'Received message of unknown type:',
  timestamp: '2020-05-16T17:42:52.145Z'
}
{
  level: 'warn',
  message: 'Received message of unknown type:',
  timestamp: '2020-05-16T17:43:02.144Z'
}
{
  level: 'warn',
  message: 'Received message of unknown type:',
  timestamp: '2020-05-16T17:43:12.150Z'
}
{
  level: 'warn',
  message: 'Received message of unknown type:',
  timestamp: '2020-05-16T17:43:22.150Z'
}
{
  level: 'warn',
  message: 'Received message of unknown type:',
  timestamp: '2020-05-16T17:43:32.152Z'
}
{
  level: 'warn',
  message: 'Received message of unknown type:',
  timestamp: '2020-05-16T17:43:42.149Z'
}
{
  level: 'warn',
  message: 'Received message of unknown type:',
  timestamp: '2020-05-16T17:43:52.157Z'
}
{
  level: 'warn',
  message: 'Received message of unknown type:',
  timestamp: '2020-05-16T17:44:02.153Z'
}
{
  message: 'Server is running on 3001',
  level: 'info',
  timestamp: '2020-06-06T06:22:28.677Z'
}
{
  message: 'Successfully connected to RethinkDB database: blockchain98',
  level: 'info',
  timestamp: '2020-06-06T06:22:28.725Z'
}
{
  message: 'Server is ready ...',
  level: 'info',
  timestamp: '2020-06-06T06:22:28.769Z'
}
{
  message: '::ffff:127.0.0.1 "GET /css/Fonts HTTP/1.1" 404 148 10.571 "http://localhost:3000/" "Mozilla/5.0 (Macintosh; Intel Mac OS X 10_13_6) AppleWebKit/537.36 (KHTML, like Gecko) Chrome/83.0.4103.97 Safari/537.36" \n',
  level: 'info',
  timestamp: '2020-06-06T06:22:48.558Z'
}
{
  message: 'Unauthorized cookie',
  level: 'error',
  timestamp: '2020-06-06T06:22:48.894Z'
}
{
  message: "401 - The user doesn't have authorization!",
  level: 'warn',
  timestamp: '2020-06-06T06:22:48.896Z'
}
{
  message: '::ffff:127.0.0.1 "GET /auth/auth HTTP/1.1" 401 193 13.667 "http://localhost:3000/" "Mozilla/5.0 (Macintosh; Intel Mac OS X 10_13_6) AppleWebKit/537.36 (KHTML, like Gecko) Chrome/83.0.4103.97 Safari/537.36" \n',
  level: 'info',
  timestamp: '2020-06-06T06:22:48.902Z'
}
{
  message: '::ffff:127.0.0.1 "GET /css/Fonts HTTP/1.1" 404 148 3.153 "http://localhost:3000/register" "Mozilla/5.0 (Macintosh; Intel Mac OS X 10_13_6) AppleWebKit/537.36 (KHTML, like Gecko) Chrome/83.0.4103.97 Safari/537.36" \n',
  level: 'info',
  timestamp: '2020-06-06T06:22:58.409Z'
}
{
  message: '::ffff:127.0.0.1 "POST /auth/register HTTP/1.1" 200 137 106.667 "http://localhost:3000/register" "Mozilla/5.0 (Macintosh; Intel Mac OS X 10_13_6) AppleWebKit/537.36 (KHTML, like Gecko) Chrome/83.0.4103.97 Safari/537.36" \n',
  level: 'info',
  timestamp: '2020-06-06T06:23:08.424Z'
}
{
  message: 'Unauthorized cookie',
  level: 'error',
  timestamp: '2020-06-06T06:23:08.463Z'
}
{
  message: "401 - The user doesn't have authorization!",
  level: 'warn',
  timestamp: '2020-06-06T06:23:08.463Z'
}
{
  message: '::ffff:127.0.0.1 "GET /auth/auth HTTP/1.1" 401 193 5.262 "http://localhost:3000/login" "Mozilla/5.0 (Macintosh; Intel Mac OS X 10_13_6) AppleWebKit/537.36 (KHTML, like Gecko) Chrome/83.0.4103.97 Safari/537.36" \n',
  level: 'info',
  timestamp: '2020-06-06T06:23:08.469Z'
}
{
  message: '::ffff:127.0.0.1 "POST /auth/login HTTP/1.1" 200 183 95.193 "http://localhost:3000/login" "Mozilla/5.0 (Macintosh; Intel Mac OS X 10_13_6) AppleWebKit/537.36 (KHTML, like Gecko) Chrome/83.0.4103.97 Safari/537.36" \n',
  level: 'info',
  timestamp: '2020-06-06T06:23:16.636Z'
}
{
  message: '::ffff:127.0.0.1 "GET /auth/auth HTTP/1.1" 200 47 4.089 "http://localhost:3000/dashboard" "Mozilla/5.0 (Macintosh; Intel Mac OS X 10_13_6) AppleWebKit/537.36 (KHTML, like Gecko) Chrome/83.0.4103.97 Safari/537.36" \n',
  level: 'info',
  timestamp: '2020-06-06T06:23:16.677Z'
}
{
  message: 'The transaction with transactionId 66db7d6354f5573fbcb0e041eb287c4dc63c75285f59f406b0ec29c9730477364db785bde1fcc59345ee3fec22d251bfa18039d407fb85a6cd60216207bf8ea6 is recieved',
  level: 'info',
  timestamp: '2020-06-06T06:23:19.934Z'
}
{
  message: 'The transaction with transactionId 66db7d6354f5573fbcb0e041eb287c4dc63c75285f59f406b0ec29c9730477364db785bde1fcc59345ee3fec22d251bfa18039d407fb85a6cd60216207bf8ea6 is done.',
  level: 'info',
  timestamp: '2020-06-06T06:23:21.516Z'
}
{
  message: '::ffff:127.0.0.1 "POST /blockchain/transactions?wait HTTP/1.1" 200 356 1594.750 "http://localhost:3000/dashboard" "Mozilla/5.0 (Macintosh; Intel Mac OS X 10_13_6) AppleWebKit/537.36 (KHTML, like Gecko) Chrome/83.0.4103.97 Safari/537.36" \n',
  level: 'info',
  timestamp: '2020-06-06T06:23:21.521Z'
}
{
  message: '::ffff:127.0.0.1 "POST /blockchain/registerBlockchain HTTP/1.1" 200 199 11.873 "http://localhost:3000/dashboard" "Mozilla/5.0 (Macintosh; Intel Mac OS X 10_13_6) AppleWebKit/537.36 (KHTML, like Gecko) Chrome/83.0.4103.97 Safari/537.36" \n',
  level: 'info',
  timestamp: '2020-06-06T06:23:25.489Z'
}
{
  level: 'warn',
  message: 'Received message of unknown type:',
  timestamp: '2020-06-06T06:23:36.199Z'
}
{
  level: 'warn',
  message: 'Received message of unknown type:',
  timestamp: '2020-06-06T06:23:46.194Z'
}
{
  level: 'warn',
  message: 'Received message of unknown type:',
  timestamp: '2020-06-06T06:23:56.190Z'
}
{
  message: '::ffff:127.0.0.1 "GET /css/Fonts HTTP/1.1" 404 148 3.029 "http://localhost:3000/changePassword" "Mozilla/5.0 (Macintosh; Intel Mac OS X 10_13_6) AppleWebKit/537.36 (KHTML, like Gecko) Chrome/83.0.4103.97 Safari/537.36" \n',
  level: 'info',
  timestamp: '2020-06-06T06:24:02.271Z'
}
{
  message: '::ffff:127.0.0.1 "GET /auth/auth HTTP/1.1" 200 125 4.529 "http://localhost:3000/changePassword" "Mozilla/5.0 (Macintosh; Intel Mac OS X 10_13_6) AppleWebKit/537.36 (KHTML, like Gecko) Chrome/83.0.4103.97 Safari/537.36" \n',
  level: 'info',
  timestamp: '2020-06-06T06:24:02.479Z'
}
{
  level: 'warn',
  message: 'Received message of unknown type:',
  timestamp: '2020-06-06T06:24:06.188Z'
}
{
  level: 'warn',
  message: 'Received message of unknown type:',
  timestamp: '2020-06-06T06:24:16.191Z'
}
{
  level: 'warn',
  message: 'Received message of unknown type:',
  timestamp: '2020-06-06T06:24:26.198Z'
}
{
  level: 'warn',
  message: 'Received message of unknown type:',
  timestamp: '2020-06-06T06:24:36.202Z'
}
{
  level: 'warn',
  message: 'Received message of unknown type:',
  timestamp: '2020-06-06T06:24:46.210Z'
}
{
  level: 'warn',
  message: 'Received message of unknown type:',
  timestamp: '2020-06-06T06:24:56.206Z'
}
{
  level: 'warn',
  message: 'Received message of unknown type:',
  timestamp: '2020-06-06T06:25:06.212Z'
}
{
  level: 'warn',
  message: 'Received message of unknown type:',
  timestamp: '2020-06-06T06:25:16.218Z'
}
{
  message: '::ffff:127.0.0.1 "GET /css/Fonts HTTP/1.1" 404 148 3.063 "http://localhost:3000/" "Mozilla/5.0 (Macintosh; Intel Mac OS X 10_13_6) AppleWebKit/537.36 (KHTML, like Gecko) Chrome/83.0.4103.97 Safari/537.36" \n',
  level: 'info',
  timestamp: '2020-06-06T06:25:23.637Z'
}
{
  message: '::ffff:127.0.0.1 "GET /auth/auth HTTP/1.1" 304 - 3.424 "http://localhost:3000/" "Mozilla/5.0 (Macintosh; Intel Mac OS X 10_13_6) AppleWebKit/537.36 (KHTML, like Gecko) Chrome/83.0.4103.97 Safari/537.36" \n',
  level: 'info',
  timestamp: '2020-06-06T06:25:23.791Z'
}
{
  level: 'warn',
  message: 'Received message of unknown type:',
  timestamp: '2020-06-06T06:25:26.219Z'
}
{
  level: 'warn',
  message: 'Received message of unknown type:',
  timestamp: '2020-06-06T06:25:36.222Z'
}
{
  message: '::ffff:127.0.0.1 "GET /css/Fonts HTTP/1.1" 404 148 3.801 "http://localhost:3000/dashboard" "Mozilla/5.0 (Macintosh; Intel Mac OS X 10_13_6) AppleWebKit/537.36 (KHTML, like Gecko) Chrome/83.0.4103.97 Safari/537.36" \n',
  level: 'info',
  timestamp: '2020-06-06T06:25:38.260Z'
}
{
  message: '::ffff:127.0.0.1 "GET /auth/auth HTTP/1.1" 304 - 3.486 "http://localhost:3000/dashboard" "Mozilla/5.0 (Macintosh; Intel Mac OS X 10_13_6) AppleWebKit/537.36 (KHTML, like Gecko) Chrome/83.0.4103.97 Safari/537.36" \n',
  level: 'info',
  timestamp: '2020-06-06T06:25:38.399Z'
}
{
  message: '::ffff:127.0.0.1 "GET /user/getUserInfo HTTP/1.1" 200 268 9.358 "http://localhost:3000/dashboard" "Mozilla/5.0 (Macintosh; Intel Mac OS X 10_13_6) AppleWebKit/537.36 (KHTML, like Gecko) Chrome/83.0.4103.97 Safari/537.36" \n',
  level: 'info',
  timestamp: '2020-06-06T06:25:38.438Z'
}
{
  level: 'warn',
  message: 'Received message of unknown type:',
  timestamp: '2020-06-06T06:25:46.221Z'
}
{
  level: 'warn',
  message: 'Received message of unknown type:',
  timestamp: '2020-06-06T06:25:56.216Z'
}
{
  level: 'warn',
  message: 'Received message of unknown type:',
  timestamp: '2020-06-06T06:26:06.220Z'
}
{
  level: 'warn',
  message: 'Received message of unknown type:',
  timestamp: '2020-06-06T06:26:16.223Z'
}
{
  level: 'warn',
  message: 'Received message of unknown type:',
  timestamp: '2020-06-06T06:26:26.227Z'
}
{
  level: 'warn',
  message: 'Received message of unknown type:',
  timestamp: '2020-06-06T06:26:36.223Z'
}
{
  level: 'warn',
  message: 'Received message of unknown type:',
  timestamp: '2020-06-06T06:26:46.228Z'
}
{
  level: 'warn',
  message: 'Received message of unknown type:',
  timestamp: '2020-06-06T06:26:56.223Z'
}
{
  level: 'warn',
  message: 'Received message of unknown type:',
  timestamp: '2020-06-06T06:27:06.227Z'
}
{
  level: 'warn',
  message: 'Received message of unknown type:',
  timestamp: '2020-06-06T06:27:16.228Z'
}
{
  level: 'warn',
  message: 'Received message of unknown type:',
  timestamp: '2020-06-06T06:27:26.234Z'
}
{
  level: 'warn',
  message: 'Received message of unknown type:',
  timestamp: '2020-06-06T06:27:36.229Z'
}
{
  level: 'warn',
  message: 'Received message of unknown type:',
  timestamp: '2020-06-06T06:27:46.236Z'
}
{
  level: 'warn',
  message: 'Received message of unknown type:',
  timestamp: '2020-06-06T06:27:56.228Z'
}
{
  level: 'warn',
  message: 'Received message of unknown type:',
  timestamp: '2020-06-06T06:28:06.235Z'
}
{
  level: 'warn',
  message: 'Received message of unknown type:',
  timestamp: '2020-06-06T06:28:16.242Z'
}
{
  message: '::ffff:127.0.0.1 "GET /css/Fonts HTTP/1.1" 404 148 3.292 "http://localhost:3000/chargeAccount" "Mozilla/5.0 (Macintosh; Intel Mac OS X 10_13_6) AppleWebKit/537.36 (KHTML, like Gecko) Chrome/83.0.4103.97 Safari/537.36" \n',
  level: 'info',
  timestamp: '2020-06-06T06:28:23.397Z'
}
{
  message: '::ffff:127.0.0.1 "GET /auth/auth HTTP/1.1" 304 - 3.233 "http://localhost:3000/chargeAccount" "Mozilla/5.0 (Macintosh; Intel Mac OS X 10_13_6) AppleWebKit/537.36 (KHTML, like Gecko) Chrome/83.0.4103.97 Safari/537.36" \n',
  level: 'info',
  timestamp: '2020-06-06T06:28:23.529Z'
}
{
  level: 'warn',
  message: 'Received message of unknown type:',
  timestamp: '2020-06-06T06:28:26.247Z'
}
{
  level: 'warn',
  message: 'Received message of unknown type:',
  timestamp: '2020-06-06T06:28:36.243Z'
}
{
  level: 'warn',
  message: 'Received message of unknown type:',
  timestamp: '2020-06-06T06:28:46.248Z'
}
{
  level: 'warn',
  message: 'Received message of unknown type:',
  timestamp: '2020-06-06T06:28:56.241Z'
}
{
  level: 'warn',
  message: 'Received message of unknown type:',
  timestamp: '2020-06-06T06:29:06.248Z'
}
{
  level: 'warn',
  message: 'Received message of unknown type:',
  timestamp: '2020-06-06T06:29:16.248Z'
}
{
  level: 'warn',
  message: 'Received message of unknown type:',
  timestamp: '2020-06-06T06:29:26.254Z'
}
{
  level: 'warn',
  message: 'Received message of unknown type:',
  timestamp: '2020-06-06T06:29:36.257Z'
}
{
  level: 'warn',
  message: 'Received message of unknown type:',
  timestamp: '2020-06-06T06:29:46.265Z'
}
{
  level: 'warn',
  message: 'Received message of unknown type:',
  timestamp: '2020-06-06T06:29:56.260Z'
}
{
  level: 'warn',
  message: 'Received message of unknown type:',
  timestamp: '2020-06-06T06:30:06.266Z'
}
{
  level: 'warn',
  message: 'Received message of unknown type:',
  timestamp: '2020-06-06T06:30:16.269Z'
}
{
  level: 'warn',
  message: 'Received message of unknown type:',
  timestamp: '2020-06-06T06:30:26.275Z'
}
